<?xml version="1.0" encoding="UTF-8"?>
<!-- Generated by org.testng.reporters.JUnitXMLReporter -->
<testsuite ignored="0" hostname="DESKTOP-O3A0L1L" failures="0" tests="4" name="app" time="50.826" errors="0" timestamp="2020-09-29T22:53:37 MSK">
  <testcase classname="tests.FirstTest" name="changeIpAddressValue" time="18.16"/>
  <testcase classname="tests.FirstTest" name="changePortValue" time="8.568"/>
  <testcase classname="tests.FirstTest" name="switchToCommandsScreen" time="2.856"/>
  <testcase classname="tests.FirstTest" name="switchToConnectionScreen" time="1.445"/>
</testsuite> <!-- app -->
