<?xml version="1.0" encoding="UTF-8"?>
<testsuite xmlns:xsi="http://www.w3.org/2001/XMLSchema-instance" xsi:noNamespaceSchemaLocation="https://maven.apache.org/surefire/maven-surefire-plugin/xsd/surefire-test-report-3.0.xsd" version="3.0" name="TestSuite" time="53.392" tests="4" errors="0" skipped="0" failures="0">
  <properties>
[...]
</properties>
  <testcase name="changeIpAddressValue" classname="tests.FirstTest" time="18.237">
    <system-out><![CDATA[[TestNGContentHandler] [WARN] It is strongly recommended to add "<!DOCTYPE suite SYSTEM "https://testng.org/testng-1.0.dtd" >" at the top of your file, otherwise TestNG may fail or not work as expected.
&amp#27;[35m[Appium]&amp#27;[39m Welcome to Appium v1.18.1
&amp#27;[35m[Appium]&amp#27;[39m Appium REST http interface listener started on 0.0.0.0:4723
&amp#27;[35m[HTTP]&amp#27;[39m &amp#27;[37m-->&amp#27;[39m &amp#27;[37mGET&amp#27;[39m &amp#27;[37m/wd/hub/status&amp#27;[39m
&amp#27;[35m[HTTP]&amp#27;[39m &amp#27;[90m{}&amp#27;[39m
[debug] &amp#27;[35m[GENERIC]&amp#27;[39m Calling AppiumDriver.getStatus() with args: []
[debug] &amp#27;[35m[GENERIC]&amp#27;[39m Responding to client with driver.getStatus() result: {"build":{"version":"1.18.1"}}
&amp#27;[35m[HTTP]&amp#27;[39m &amp#27;[37m<-- GET /wd/hub/status &amp#27;[39m&amp#27;[32m200&amp#27;[39m &amp#27;[90m5 ms - 68&amp#27;[39m
&amp#27;[35m[HTTP]&amp#27;[39m &amp#27;[90m&amp#27;[39m
&amp#27;[35m[HTTP]&amp#27;[39m &amp#27;[37m-->&amp#27;[39m &amp#27;[37mPOST&amp#27;[39m &amp#27;[37m/wd/hub/session&amp#27;[39m
&amp#27;[35m[HTTP]&amp#27;[39m &amp#27;[90m{"desiredCapabilities":{"app":"C:\\Users\\egora\\Dreamkas\\mobileTesting\\.\\src\\main\\resources\\testApp.apk","automationName":"UiAutomator2","platformName":"Android","udid":"emulator-5554"},"capabilities":{"firstMatch":[{"appium:app":"C:\\Users\\egora\\Dreamkas\\mobileTesting\\.\\src\\main\\resources\\testApp.apk","appium:automationName":"UiAutomator2","platformName":"android","appium:udid":"emulator-5554"}]}}&amp#27;[39m
[debug] &amp#27;[35m[W3C]&amp#27;[39m Calling AppiumDriver.createSession() with args: [{"app":"C:\\Users\\egora\\Dreamkas\\mobileTesting\\.\\src\\main\\resources\\testApp.apk","automationName":"UiAutomator2","platformName":"Android","udid":"emulator-5554"},null,{"firstMatch":[{"appium:app":"C:\\Users\\egora\\Dreamkas\\mobileTesting\\.\\src\\main\\resources\\testApp.apk","appium:automationName":"UiAutomator2","platformName":"android","appium:udid":"emulator-5554"}]}]
[debug] &amp#27;[35m[BaseDriver]&amp#27;[39m Event 'newSessionRequested' logged at 1601409166415 (22:52:46 GMT+0300 (GMT+03:00))
&amp#27;[35m[Appium]&amp#27;[39m Appium v1.18.1 creating new AndroidUiautomator2Driver (v1.56.1) session
[debug] &amp#27;[35m[BaseDriver]&amp#27;[39m W3C capabilities and MJSONWP desired capabilities were provided
[debug] &amp#27;[35m[BaseDriver]&amp#27;[39m Creating session with W3C capabilities: {
[debug] &amp#27;[35m[BaseDriver]&amp#27;[39m   "alwaysMatch": {
[debug] &amp#27;[35m[BaseDriver]&amp#27;[39m     "platformName": "android",
[debug] &amp#27;[35m[BaseDriver]&amp#27;[39m     "appium:app": "C:\\Users\\egora\\Dreamkas\\mobileTesting\\.\\src\\main\\resources\\testApp.apk",
[debug] &amp#27;[35m[BaseDriver]&amp#27;[39m     "appium:automationName": "UiAutomator2",
[debug] &amp#27;[35m[BaseDriver]&amp#27;[39m     "appium:udid": "emulator-5554"
[debug] &amp#27;[35m[BaseDriver]&amp#27;[39m   },
[debug] &amp#27;[35m[BaseDriver]&amp#27;[39m   "firstMatch": [
[debug] &amp#27;[35m[BaseDriver]&amp#27;[39m     {}
[debug] &amp#27;[35m[BaseDriver]&amp#27;[39m   ]
[debug] &amp#27;[35m[BaseDriver]&amp#27;[39m }
&amp#27;[35m[BaseDriver]&amp#27;[39m Session created with session id: 7abed428-c9f4-42ce-999c-3881ca65dec0
&amp#27;[35m[BaseDriver]&amp#27;[39m Using local app 'C:\Users\egora\Dreamkas\mobileTesting\.\src\main\resources\testApp.apk'
[debug] &amp#27;[35m[UiAutomator2]&amp#27;[39m Checking whether app is actually present
&amp#27;[35m[ADB]&amp#27;[39m Found 3 'build-tools' folders under 'C:\Users\egora\AppData\Local\Android\Sdk' (newest first):
&amp#27;[35m[ADB]&amp#27;[39m     C:/Users/egora/AppData/Local/Android/Sdk/build-tools/30.0.1
&amp#27;[35m[ADB]&amp#27;[39m     C:/Users/egora/AppData/Local/Android/Sdk/build-tools/29.0.2
&amp#27;[35m[ADB]&amp#27;[39m     C:/Users/egora/AppData/Local/Android/Sdk/build-tools/28.0.3
&amp#27;[35m[ADB]&amp#27;[39m Using 'adb.exe' from 'C:\Users\egora\AppData\Local\Android\Sdk\platform-tools\adb.exe'
[debug] &amp#27;[35m[ADB]&amp#27;[39m Running 'C:\Users\egora\AppData\Local\Android\Sdk\platform-tools\adb.exe -P 5037 start-server'
&amp#27;[35m[AndroidDriver]&amp#27;[39m Retrieving device list
[debug] &amp#27;[35m[ADB]&amp#27;[39m Trying to find a connected android device
[debug] &amp#27;[35m[ADB]&amp#27;[39m Getting connected devices
[debug] &amp#27;[35m[ADB]&amp#27;[39m Connected devices: [{"udid":"emulator-5554","state":"device"}]
&amp#27;[35m[AndroidDriver]&amp#27;[39m Using device: emulator-5554
&amp#27;[35m[ADB]&amp#27;[39m Using 'adb.exe' from 'C:\Users\egora\AppData\Local\Android\Sdk\platform-tools\adb.exe'
[debug] &amp#27;[35m[ADB]&amp#27;[39m Running 'C:\Users\egora\AppData\Local\Android\Sdk\platform-tools\adb.exe -P 5037 start-server'
[debug] &amp#27;[35m[ADB]&amp#27;[39m Setting device id to emulator-5554
[debug] &amp#27;[35m[ADB]&amp#27;[39m Running 'C:\Users\egora\AppData\Local\Android\Sdk\platform-tools\adb.exe -P 5037 -s emulator-5554 shell getprop ro.build.version.sdk'
[debug] &amp#27;[35m[ADB]&amp#27;[39m Current device property 'ro.build.version.sdk': 30
&amp#27;[35m[ADB]&amp#27;[39m Getting device platform version
[debug] &amp#27;[35m[ADB]&amp#27;[39m Running 'C:\Users\egora\AppData\Local\Android\Sdk\platform-tools\adb.exe -P 5037 -s emulator-5554 shell getprop ro.build.version.release'
[debug] &amp#27;[35m[ADB]&amp#27;[39m Current device property 'ro.build.version.release': 11
[debug] &amp#27;[35m[ADB]&amp#27;[39m Device API level: 30
&amp#27;[35m[UiAutomator2]&amp#27;[39m Relaxing hidden api policy
[debug] &amp#27;[35m[ADB]&amp#27;[39m Running 'C:\Users\egora\AppData\Local\Android\Sdk\platform-tools\adb.exe -P 5037 -s emulator-5554 shell 'settings put global hidden_api_policy_pre_p_apps 1;settings put global hidden_api_policy_p_apps 1;settings put global hidden_api_policy 1''
[debug] &amp#27;[35m[AndroidDriver]&amp#27;[39m Parsing package and activity from app manifest
&amp#27;[35m[ADB]&amp#27;[39m Package name: 'org.qtproject.example.wqeqweq'
&amp#27;[35m[ADB]&amp#27;[39m Main activity name: 'org.qtproject.qt5.android.bindings.QtActivity'
[debug] &amp#27;[35m[AndroidDriver]&amp#27;[39m Parsed package and activity are: org.qtproject.example.wqeqweq/org.qtproject.qt5.android.bindings.QtActivity
[debug] &amp#27;[35m[ADB]&amp#27;[39m Running 'C:\Users\egora\AppData\Local\Android\Sdk\platform-tools\adb.exe -P 5037 -s emulator-5554 wait-for-device'
[debug] &amp#27;[35m[ADB]&amp#27;[39m Running 'C:\Users\egora\AppData\Local\Android\Sdk\platform-tools\adb.exe -P 5037 -s emulator-5554 shell echo ping'
[debug] &amp#27;[35m[AndroidDriver]&amp#27;[39m Pushing settings apk to device...
[debug] &amp#27;[35m[ADB]&amp#27;[39m Getting install status for io.appium.settings
[debug] &amp#27;[35m[ADB]&amp#27;[39m Running 'C:\Users\egora\AppData\Local\Android\Sdk\platform-tools\adb.exe -P 5037 -s emulator-5554 shell dumpsys package io.appium.settings'
[debug] &amp#27;[35m[ADB]&amp#27;[39m 'io.appium.settings' is installed
[debug] &amp#27;[35m[ADB]&amp#27;[39m Getting package info for 'io.appium.settings'
[debug] &amp#27;[35m[ADB]&amp#27;[39m Running 'C:\Users\egora\AppData\Local\Android\Sdk\platform-tools\adb.exe -P 5037 -s emulator-5554 shell dumpsys package io.appium.settings'
[debug] &amp#27;[35m[ADB]&amp#27;[39m The version name of the installed 'io.appium.settings' is greater or equal to the application version name ('3.2.0' >= '3.2.0')
[debug] &amp#27;[35m[ADB]&amp#27;[39m There is no need to install/upgrade 'C:\Users\egora\AppData\Roaming\npm\node_modules\appium\node_modules\io.appium.settings\apks\settings_apk-debug.apk'
[debug] &amp#27;[35m[ADB]&amp#27;[39m Getting IDs of all 'io.appium.settings' processes
[debug] &amp#27;[35m[ADB]&amp#27;[39m Running 'C:\Users\egora\AppData\Local\Android\Sdk\platform-tools\adb.exe -P 5037 -s emulator-5554 shell 'pgrep --help; echo $?''
[debug] &amp#27;[35m[ADB]&amp#27;[39m Running 'C:\Users\egora\AppData\Local\Android\Sdk\platform-tools\adb.exe -P 5037 -s emulator-5554 shell pgrep -f io\\.appium\\.settings'
[debug] &amp#27;[35m[AndroidDriver]&amp#27;[39m io.appium.settings is already running. There is no need to reset its permissions.
[debug] &amp#27;[35m[Logcat]&amp#27;[39m Starting logs capture with command: C:\\Users\\egora\\AppData\\Local\\Android\\Sdk\\platform-tools\\adb.exe -P 5037 -s emulator-5554 logcat -v threadtime
[debug] &amp#27;[35m[UiAutomator2]&amp#27;[39m Forwarding UiAutomator2 Server port 6790 to 8200
[debug] &amp#27;[35m[ADB]&amp#27;[39m Forwarding system: 8200 to device: 6790
[debug] &amp#27;[35m[ADB]&amp#27;[39m Running 'C:\Users\egora\AppData\Local\Android\Sdk\platform-tools\adb.exe -P 5037 -s emulator-5554 forward tcp\:8200 tcp\:6790'
[debug] &amp#27;[35m[ADB]&amp#27;[39m Getting install status for io.appium.uiautomator2.server
[debug] &amp#27;[35m[ADB]&amp#27;[39m Running 'C:\Users\egora\AppData\Local\Android\Sdk\platform-tools\adb.exe -P 5037 -s emulator-5554 shell dumpsys package io.appium.uiautomator2.server'
[debug] &amp#27;[35m[ADB]&amp#27;[39m 'io.appium.uiautomator2.server' is installed
[debug] &amp#27;[35m[ADB]&amp#27;[39m Getting package info for 'io.appium.uiautomator2.server'
[debug] &amp#27;[35m[ADB]&amp#27;[39m Running 'C:\Users\egora\AppData\Local\Android\Sdk\platform-tools\adb.exe -P 5037 -s emulator-5554 shell dumpsys package io.appium.uiautomator2.server'
[debug] &amp#27;[35m[ADB]&amp#27;[39m The version name of the installed 'io.appium.uiautomator2.server' is greater or equal to the application version name ('4.12.2' >= '4.12.2')
[debug] &amp#27;[35m[UiAutomator2]&amp#27;[39m io.appium.uiautomator2.server installation state: sameVersionInstalled
[debug] &amp#27;[35m[ADB]&amp#27;[39m Checking app cert for C:\Users\egora\AppData\Roaming\npm\node_modules\appium\node_modules\appium-uiautomator2-server\apks\appium-uiautomator2-server-v4.12.2.apk
&amp#27;[35m[ADB]&amp#27;[39m Using 'apksigner.jar' from 'C:\Users\egora\AppData\Local\Android\Sdk\build-tools\30.0.1\lib\apksigner.jar'
[debug] &amp#27;[35m[ADB]&amp#27;[39m Starting apksigner: 'C:\\Program Files\\Zulu\\zulu-11\\bin\\java.exe' -Xmx1024M -Xss1m -jar C:\\Users\\egora\\AppData\\Local\\Android\\Sdk\\build-tools\\30.0.1\\lib\\apksigner.jar verify --print-certs C:\\Users\\egora\\AppData\\Roaming\\npm\\node_modules\\appium\\node_modules\\appium-uiautomator2-server\\apks\\appium-uiautomator2-server-v4.12.2.apk
[debug] &amp#27;[35m[ADB]&amp#27;[39m apksigner stdout: Signer #1 certificate DN: EMAILADDRESS=android@android.com, CN=Android, OU=Android, O=Android, L=Mountain View, ST=California, C=US
[debug] &amp#27;[35m[ADB]&amp#27;[39m Signer #1 certificate SHA-256 digest: a40da80a59d170caa950cf15c18c454d47a39b26989d8b640ecd745ba71bf5dc
[debug] &amp#27;[35m[ADB]&amp#27;[39m Signer #1 certificate SHA-1 digest: 61ed377e85d386a8dfee6b864bd85b0bfaa5af81
[debug] &amp#27;[35m[ADB]&amp#27;[39m Signer #1 certificate MD5 digest: e89b158e4bcf988ebd09eb83f5378e87
[debug] &amp#27;[35m[ADB]&amp#27;[39m 
[debug] &amp#27;[35m[ADB]&amp#27;[39m 'C:\Users\egora\AppData\Roaming\npm\node_modules\appium\node_modules\appium-uiautomator2-server\apks\appium-uiautomator2-server-v4.12.2.apk' is signed with the default certificate
[debug] &amp#27;[35m[ADB]&amp#27;[39m Getting install status for io.appium.uiautomator2.server.test
[debug] &amp#27;[35m[ADB]&amp#27;[39m Running 'C:\Users\egora\AppData\Local\Android\Sdk\platform-tools\adb.exe -P 5037 -s emulator-5554 shell dumpsys package io.appium.uiautomator2.server.test'
[debug] &amp#27;[35m[ADB]&amp#27;[39m 'io.appium.uiautomator2.server.test' is installed
[debug] &amp#27;[35m[ADB]&amp#27;[39m Checking app cert for C:\Users\egora\AppData\Roaming\npm\node_modules\appium\node_modules\appium-uiautomator2-server\apks\appium-uiautomator2-server-debug-androidTest.apk
[debug] &amp#27;[35m[ADB]&amp#27;[39m Starting apksigner: 'C:\\Program Files\\Zulu\\zulu-11\\bin\\java.exe' -Xmx1024M -Xss1m -jar C:\\Users\\egora\\AppData\\Local\\Android\\Sdk\\build-tools\\30.0.1\\lib\\apksigner.jar verify --print-certs C:\\Users\\egora\\AppData\\Roaming\\npm\\node_modules\\appium\\node_modules\\appium-uiautomator2-server\\apks\\appium-uiautomator2-server-debug-androidTest.apk
[debug] &amp#27;[35m[ADB]&amp#27;[39m apksigner stdout: Signer #1 certificate DN: EMAILADDRESS=android@android.com, CN=Android, OU=Android, O=Android, L=Mountain View, ST=California, C=US
[debug] &amp#27;[35m[ADB]&amp#27;[39m Signer #1 certificate SHA-256 digest: a40da80a59d170caa950cf15c18c454d47a39b26989d8b640ecd745ba71bf5dc
[debug] &amp#27;[35m[ADB]&amp#27;[39m Signer #1 certificate SHA-1 digest: 61ed377e85d386a8dfee6b864bd85b0bfaa5af81
[debug] &amp#27;[35m[ADB]&amp#27;[39m Signer #1 certificate MD5 digest: e89b158e4bcf988ebd09eb83f5378e87
[debug] &amp#27;[35m[ADB]&amp#27;[39m 
[debug] &amp#27;[35m[ADB]&amp#27;[39m 'C:\Users\egora\AppData\Roaming\npm\node_modules\appium\node_modules\appium-uiautomator2-server\apks\appium-uiautomator2-server-debug-androidTest.apk' is signed with the default certificate
&amp#27;[35m[UiAutomator2]&amp#27;[39m Server packages are not going to be (re)installed
[debug] &amp#27;[35m[UiAutomator2]&amp#27;[39m Waiting up to 30000ms for services to be available
[debug] &amp#27;[35m[ADB]&amp#27;[39m Running 'C:\Users\egora\AppData\Local\Android\Sdk\platform-tools\adb.exe -P 5037 -s emulator-5554 shell pm list instrumentation'
[debug] &amp#27;[35m[UiAutomator2]&amp#27;[39m Instrumentation target 'io.appium.uiautomator2.server.test/androidx.test.runner.AndroidJUnitRunner' is available
[debug] &amp#27;[35m[ADB]&amp#27;[39m Checking app cert for C:\Users\egora\Dreamkas\mobileTesting\.\src\main\resources\testApp.apk
[debug] &amp#27;[35m[ADB]&amp#27;[39m Starting apksigner: 'C:\\Program Files\\Zulu\\zulu-11\\bin\\java.exe' -Xmx1024M -Xss1m -jar C:\\Users\\egora\\AppData\\Local\\Android\\Sdk\\build-tools\\30.0.1\\lib\\apksigner.jar verify --print-certs C:\\Users\\egora\\Dreamkas\\mobileTesting\\.\\src\\main\\resources\\testApp.apk
[debug] &amp#27;[35m[ADB]&amp#27;[39m apksigner stdout: Signer #1 certificate DN: C=US, O=Android, CN=Android Debug
[debug] &amp#27;[35m[ADB]&amp#27;[39m Signer #1 certificate SHA-256 digest: f6893735a7782272dcf4cd6e0136502fe7e379b0b8446c11ec724d9ab0345dd3
[debug] &amp#27;[35m[ADB]&amp#27;[39m Signer #1 certificate SHA-1 digest: 48597231d03eeeda70e6b4bc7fcf0e7ecea5ce6d
[debug] &amp#27;[35m[ADB]&amp#27;[39m Signer #1 certificate MD5 digest: 3378bd5dd14c2bc859d84f933565c8e7
[debug] &amp#27;[35m[ADB]&amp#27;[39m 
[debug] &amp#27;[35m[ADB]&amp#27;[39m 'C:\Users\egora\Dreamkas\mobileTesting\.\src\main\resources\testApp.apk' is signed with a non-default certificate
[debug] &amp#27;[35m[ADB]&amp#27;[39m Getting install status for org.qtproject.example.wqeqweq
[debug] &amp#27;[35m[ADB]&amp#27;[39m Running 'C:\Users\egora\AppData\Local\Android\Sdk\platform-tools\adb.exe -P 5037 -s emulator-5554 shell dumpsys package org.qtproject.example.wqeqweq'
[debug] &amp#27;[35m[ADB]&amp#27;[39m 'org.qtproject.example.wqeqweq' is not installed
[debug] &amp#27;[35m[ADB]&amp#27;[39m App 'C:\Users\egora\Dreamkas\mobileTesting\.\src\main\resources\testApp.apk' is not installed
[debug] &amp#27;[35m[ADB]&amp#27;[39m Installing 'C:\Users\egora\Dreamkas\mobileTesting\.\src\main\resources\testApp.apk'
[debug] &amp#27;[35m[ADB]&amp#27;[39m Running 'C:\Users\egora\AppData\Local\Android\Sdk\platform-tools\adb.exe -P 5037 -s emulator-5554 help'
[debug] &amp#27;[35m[ADB]&amp#27;[39m Running 'C:\Users\egora\AppData\Local\Android\Sdk\platform-tools\adb.exe -P 5037 -s emulator-5554 features'
&amp#27;[35m[ADB]&amp#27;[39m The application at 'C:\Users\egora\Dreamkas\mobileTesting\.\src\main\resources\testApp.apk' will not be cached, because the device under test has confirmed the support of streamed installs
[debug] &amp#27;[35m[ADB]&amp#27;[39m Running 'C:\Users\egora\AppData\Local\Android\Sdk\platform-tools\adb.exe -P 5037 -s emulator-5554 install C:\\Users\\egora\\Dreamkas\\mobileTesting\\.\\src\\main\\resources\\testApp.apk'
&amp#27;[35m[ADB]&amp#27;[39m The installation of 'testApp.apk' took 354ms
[debug] &amp#27;[35m[ADB]&amp#27;[39m Install command stdout: Performing Streamed Install
[debug] &amp#27;[35m[ADB]&amp#27;[39m Success
[debug] &amp#27;[35m[UiAutomator2]&amp#27;[39m Performing shallow cleanup of automation leftovers
[debug] &amp#27;[35m[UiAutomator2]&amp#27;[39m No obsolete sessions have been detected (socket hang up)
[debug] &amp#27;[35m[ADB]&amp#27;[39m Running 'C:\Users\egora\AppData\Local\Android\Sdk\platform-tools\adb.exe -P 5037 -s emulator-5554 shell am force-stop io.appium.uiautomator2.server.test'
&amp#27;[35m[UiAutomator2]&amp#27;[39m Starting UIAutomator2 server 4.12.2
&amp#27;[35m[UiAutomator2]&amp#27;[39m Using UIAutomator2 server from 'C:\Users\egora\AppData\Roaming\npm\node_modules\appium\node_modules\appium-uiautomator2-server\apks\appium-uiautomator2-server-v4.12.2.apk' and test from 'C:\Users\egora\AppData\Roaming\npm\node_modules\appium\node_modules\appium-uiautomator2-server\apks\appium-uiautomator2-server-debug-androidTest.apk'
&amp#27;[35m[UiAutomator2]&amp#27;[39m Waiting up to 30000ms for UiAutomator2 to be online...
[debug] &amp#27;[35m[ADB]&amp#27;[39m Creating ADB subprocess with args: ["-P",5037,"-s","emulator-5554","shell","am","instrument","-w","io.appium.uiautomator2.server.test/androidx.test.runner.AndroidJUnitRunner"]
[debug] &amp#27;[35m[Instrumentation]&amp#27;[39m io.appium.uiautomator2.server.test.AppiumUiAutomator2Server:
[debug] &amp#27;[35m[WD Proxy]&amp#27;[39m Matched '/status' to command name 'getStatus'
[debug] &amp#27;[35m[WD Proxy]&amp#27;[39m Proxying [GET /status] to [GET http://127.0.0.1:8200/wd/hub/status] with no body
&amp#27;[35m[WD Proxy]&amp#27;[39m socket hang up
[debug] &amp#27;[35m[WD Proxy]&amp#27;[39m Matched '/status' to command name 'getStatus'
[debug] &amp#27;[35m[WD Proxy]&amp#27;[39m Proxying [GET /status] to [GET http://127.0.0.1:8200/wd/hub/status] with no body
&amp#27;[35m[WD Proxy]&amp#27;[39m socket hang up
[debug] &amp#27;[35m[WD Proxy]&amp#27;[39m Matched '/status' to command name 'getStatus'
[debug] &amp#27;[35m[WD Proxy]&amp#27;[39m Proxying [GET /status] to [GET http://127.0.0.1:8200/wd/hub/status] with no body
[debug] &amp#27;[35m[WD Proxy]&amp#27;[39m Got response with status 200: {"sessionId":"None","value":{"message":"UiAutomator2 Server is ready to accept commands","ready":true}}
[debug] &amp#27;[35m[UiAutomator2]&amp#27;[39m The initialization of the instrumentation process took 3134ms
[debug] &amp#27;[35m[WD Proxy]&amp#27;[39m Matched '/session' to command name 'createSession'
[debug] &amp#27;[35m[WD Proxy]&amp#27;[39m Proxying [POST /session] to [POST http://127.0.0.1:8200/wd/hub/session] with body: {"capabilities":{"firstMatch":[{"platform":"LINUX","webStorageEnabled":false,"takesScreenshot":true,"javascriptEnabled":true,"databaseEnabled":false,"networkConnectionEnabled":true,"locationContextEnabled":false,"warnings":{},"desired":{"platformName":"android","app":"C:\\Users\\egora\\Dreamkas\\mobileTesting\\.\\src\\main\\resources\\testApp.apk","automationName":"UiAutomator2","udid":"emulator-5554"},"platformName":"android","app":"C:\\Users\\egora\\Dreamkas\\mobileTesting\\.\\src\\main\\resources\\testApp.apk","automationName":"UiAutomator2","udid":"emulator-5554","deviceName":"emulator-5554","deviceUDID":"emulator-5554","appPackage":"org.qtproject.example.wqeqweq"}],"alwaysMatch":{}}}
[debug] &amp#27;[35m[WD Proxy]&amp#27;[39m Got response with status 200: {"sessionId":"8bb3af16-b5e0-48e8-b2dc-d18ff55157a8","value":{"capabilities":{"firstMatch":[{"platform":"LINUX","webStorageEnabled":false,"takesScreenshot":true,"javascriptEnabled":true,"databaseEnabled":false,"networkConnectionEnabled":true,"locationContextEnabled":false,"warnings":{},"desired":{"platformName":"android","app":"C:\\Users\\egora\\Dreamkas\\mobileTesting\\.\\src\\main\\resources\\testApp.apk","automationName":"UiAutomator2","udid":"emulator-5554"},"platformName":"android","app":"C:\\Users\\egora\\Dreamkas\\mobileTesting\\.\\src\\main\\resources\\testApp.apk","automationName":"UiAutomator2","udid":"emulator-5554","deviceName":"emulator-5554","deviceUDID":"emulator-5554","appPackage":"org.qtproject.example.wqeqweq"}],"alwaysMatch":{}},"sessionId":"8bb3af16-b5e0-48e8-b2dc-d18ff55157a8"}}
&amp#27;[35m[WD Proxy]&amp#27;[39m Determined the downstream protocol as 'W3C'
[debug] &amp#27;[35m[WD Proxy]&amp#27;[39m Proxying [GET /appium/device/info] to [GET http://127.0.0.1:8200/wd/hub/session/8bb3af16-b5e0-48e8-b2dc-d18ff55157a8/appium/device/info] with no body
[debug] &amp#27;[35m[WD Proxy]&amp#27;[39m Got response with status 200: {"sessionId":"8bb3af16-b5e0-48e8-b2dc-d18ff55157a8","value":{"androidId":"0f8f8c6648a40a68","apiVersion":"30","bluetooth":{"state":"ON"},"brand":"google","carrierName":"Android","displayDensity":440,"locale":"en_US","manufacturer":"Google","model":"sdk_gphone_x86","networks":[{"capabilities":{"SSID":null,"linkDownBandwidthKbps":30000,"linkUpstreamBandwidthKbps":15000,"networkCapabilities":"NET_CAPABILITY_MMS,NET_CAPABILITY_SUPL,NET_CAPABILITY_DUN,NET_CAPABILITY_FOTA,NET_CAPABILITY_IMS,NET_CAPABILITY_CBS,NET_CAPABILITY_INTERNET,NET_CAPABILITY_NOT_RESTRICTED,NET_CAPABILITY_TRUSTED,NET_CAPABILITY_NOT_VPN,NET_CAPABILITY_VALIDATED,NET_CAPABILITY_NOT_ROAMING,NET_CAPABILITY_NOT_CONGESTED,NET_CAPABILITY_NOT_SUSPENDED","signalStrength":-2147483648,"transportTypes":"TRANSPORT_CELLULAR"},"detailedState":"CONNECTED","extraInfo":"epc.tmobile.com","isAvailable":true,"isConnected":true,"isFailover":false,"isRoaming":false,"state":"CONNECTED","subtype":0,"subtypeName":"","type":0,"typeName":"MOBILE"},{"capabilities":{"SSI...
[debug] &amp#27;[35m[ADB]&amp#27;[39m Running 'C:\Users\egora\AppData\Local\Android\Sdk\platform-tools\adb.exe -P 5037 -s emulator-5554 shell dumpsys window'
&amp#27;[35m[AndroidDriver]&amp#27;[39m Screen already unlocked, doing nothing
&amp#27;[35m[UiAutomator2]&amp#27;[39m Starting 'org.qtproject.example.wqeqweq/org.qtproject.qt5.android.bindings.QtActivity and waiting for 'org.qtproject.example.wqeqweq/org.qtproject.qt5.android.bindings.QtActivity'
[debug] &amp#27;[35m[ADB]&amp#27;[39m Running 'C:\Users\egora\AppData\Local\Android\Sdk\platform-tools\adb.exe -P 5037 -s emulator-5554 shell am start -W -n org.qtproject.example.wqeqweq/org.qtproject.qt5.android.bindings.QtActivity -S -a android.intent.action.MAIN -c android.intent.category.LAUNCHER -f 0x10200000'
[debug] &amp#27;[35m[ADB]&amp#27;[39m Waiting up to 20000ms for activity matching pkg: 'org.qtproject.example.wqeqweq' and activity: 'org.qtproject.qt5.android.bindings.QtActivity' to be focused
[debug] &amp#27;[35m[ADB]&amp#27;[39m Possible activities, to be checked: 'org.qtproject.qt5.android.bindings.QtActivity', 'org.qtproject.example.wqeqweq.org.qtproject.qt5.android.bindings.QtActivity'
[debug] &amp#27;[35m[ADB]&amp#27;[39m Getting focused package and activity
[debug] &amp#27;[35m[ADB]&amp#27;[39m Running 'C:\Users\egora\AppData\Local\Android\Sdk\platform-tools\adb.exe -P 5037 -s emulator-5554 shell dumpsys window displays'
[debug] &amp#27;[35m[ADB]&amp#27;[39m Found package: 'org.qtproject.example.wqeqweq' and fully qualified activity name : 'org.qtproject.qt5.android.bindings.QtActivity'
[debug] &amp#27;[35m[WD Proxy]&amp#27;[39m Proxying [GET /appium/device/pixel_ratio] to [GET http://127.0.0.1:8200/wd/hub/session/8bb3af16-b5e0-48e8-b2dc-d18ff55157a8/appium/device/pixel_ratio] with no body
[debug] &amp#27;[35m[WD Proxy]&amp#27;[39m Got response with status 200: {"sessionId":"8bb3af16-b5e0-48e8-b2dc-d18ff55157a8","value":2.75}
[debug] &amp#27;[35m[WD Proxy]&amp#27;[39m Matched '/appium/device/system_bars' to command name 'getSystemBars'
[debug] &amp#27;[35m[WD Proxy]&amp#27;[39m Proxying [GET /appium/device/system_bars] to [GET http://127.0.0.1:8200/wd/hub/session/8bb3af16-b5e0-48e8-b2dc-d18ff55157a8/appium/device/system_bars] with no body
[debug] &amp#27;[35m[WD Proxy]&amp#27;[39m Got response with status 200: {"sessionId":"8bb3af16-b5e0-48e8-b2dc-d18ff55157a8","value":{"statusBar":66}}
[debug] &amp#27;[35m[WD Proxy]&amp#27;[39m Matched '/window/current/size' to command name 'getWindowSize'
[debug] &amp#27;[35m[WD Proxy]&amp#27;[39m Proxying [GET /window/current/size] to [GET http://127.0.0.1:8200/wd/hub/session/8bb3af16-b5e0-48e8-b2dc-d18ff55157a8/window/current/size] with no body
[debug] &amp#27;[35m[WD Proxy]&amp#27;[39m Got response with status 200: {"sessionId":"8bb3af16-b5e0-48e8-b2dc-d18ff55157a8","value":{"height":2028,"width":1080}}
&amp#27;[35m[Appium]&amp#27;[39m New AndroidUiautomator2Driver session created successfully, session 7abed428-c9f4-42ce-999c-3881ca65dec0 added to master session list
[debug] &amp#27;[35m[BaseDriver]&amp#27;[39m Event 'newSessionStarted' logged at 1601409175537 (22:52:55 GMT+0300 (GMT+03:00))
[debug] &amp#27;[35m[W3C (7abed428)]&amp#27;[39m Cached the protocol value 'W3C' for the new session 7abed428-c9f4-42ce-999c-3881ca65dec0
[debug] &amp#27;[35m[W3C (7abed428)]&amp#27;[39m Responding to client with driver.createSession() result: {"capabilities":{"platform":"LINUX","webStorageEnabled":false,"takesScreenshot":true,"javascriptEnabled":true,"databaseEnabled":false,"networkConnectionEnabled":true,"locationContextEnabled":false,"warnings":{},"desired":{"platformName":"android","app":"C:\\Users\\egora\\Dreamkas\\mobileTesting\\.\\src\\main\\resources\\testApp.apk","automationName":"UiAutomator2","udid":"emulator-5554"},"platformName":"android","app":"C:\\Users\\egora\\Dreamkas\\mobileTesting\\.\\src\\main\\resources\\testApp.apk","automationName":"UiAutomator2","udid":"emulator-5554","deviceName":"emulator-5554","deviceUDID":"emulator-5554","appPackage":"org.qtproject.example.wqeqweq","deviceApiLevel":30,"platformVersion":"11","deviceScreenSize":"1080x2160","deviceScreenDensity":440,"deviceModel":"sdk_gphone_x86","deviceManufacturer":"Google","pixelRatio":2.75,"statBarHeight":66,"viewportRect":{"left":0,"top":66,"width":1080,"height":1962}}}
&amp#27;[35m[HTTP]&amp#27;[39m &amp#27;[37m<-- POST /wd/hub/session &amp#27;[39m&amp#27;[32m200&amp#27;[39m &amp#27;[90m9125 ms - 984&amp#27;[39m
&amp#27;[35m[HTTP]&amp#27;[39m &amp#27;[90m&amp#27;[39m
&amp#27;[35m[HTTP]&amp#27;[39m &amp#27;[37m-->&amp#27;[39m &amp#27;[37mPOST&amp#27;[39m &amp#27;[37m/wd/hub/session/7abed428-c9f4-42ce-999c-3881ca65dec0/timeouts&amp#27;[39m
&amp#27;[35m[HTTP]&amp#27;[39m &amp#27;[90m{"implicit":5000}&amp#27;[39m
[debug] &amp#27;[35m[W3C (7abed428)]&amp#27;[39m Calling AppiumDriver.timeouts() with args: [null,null,null,null,5000,"7abed428-c9f4-42ce-999c-3881ca65dec0"]
[debug] &amp#27;[35m[BaseDriver]&amp#27;[39m W3C timeout argument: {"implicit":5000}}
[debug] &amp#27;[35m[BaseDriver]&amp#27;[39m Set implicit wait to 5000ms
[debug] &amp#27;[35m[W3C (7abed428)]&amp#27;[39m Responding to client with driver.timeouts() result: null
&amp#27;[35m[HTTP]&amp#27;[39m &amp#27;[37m<-- POST /wd/hub/session/7abed428-c9f4-42ce-999c-3881ca65dec0/timeouts &amp#27;[39m&amp#27;[32m200&amp#27;[39m &amp#27;[90m7 ms - 14&amp#27;[39m
&amp#27;[35m[HTTP]&amp#27;[39m &amp#27;[90m&amp#27;[39m
&amp#27;[35m[HTTP]&amp#27;[39m &amp#27;[37m-->&amp#27;[39m &amp#27;[37mGET&amp#27;[39m &amp#27;[37m/wd/hub/session/7abed428-c9f4-42ce-999c-3881ca65dec0/context&amp#27;[39m
&amp#27;[35m[HTTP]&amp#27;[39m &amp#27;[90m{}&amp#27;[39m
[debug] &amp#27;[35m[W3C (7abed428)]&amp#27;[39m Calling AppiumDriver.getCurrentContext() with args: ["7abed428-c9f4-42ce-999c-3881ca65dec0"]
[debug] &amp#27;[35m[W3C (7abed428)]&amp#27;[39m Responding to client with driver.getCurrentContext() result: "NATIVE_APP"
&amp#27;[35m[HTTP]&amp#27;[39m &amp#27;[37m<-- GET /wd/hub/session/7abed428-c9f4-42ce-999c-3881ca65dec0/context &amp#27;[39m&amp#27;[32m200&amp#27;[39m &amp#27;[90m7 ms - 22&amp#27;[39m
&amp#27;[35m[HTTP]&amp#27;[39m &amp#27;[90m&amp#27;[39m
&amp#27;[35m[HTTP]&amp#27;[39m &amp#27;[37m-->&amp#27;[39m &amp#27;[37mPOST&amp#27;[39m &amp#27;[37m/wd/hub/session/7abed428-c9f4-42ce-999c-3881ca65dec0/element&amp#27;[39m
&amp#27;[35m[HTTP]&amp#27;[39m &amp#27;[90m{"using":"xpath","value":"//*[@content-desc='Connection']"}&amp#27;[39m
[debug] &amp#27;[35m[W3C (7abed428)]&amp#27;[39m Calling AppiumDriver.findElement() with args: ["xpath","//*[@content-desc='Connection']","7abed428-c9f4-42ce-999c-3881ca65dec0"]
[debug] &amp#27;[35m[BaseDriver]&amp#27;[39m Valid locator strategies for this request: xpath, id, class name, accessibility id, -android uiautomator
[debug] &amp#27;[35m[BaseDriver]&amp#27;[39m Waiting up to 5000 ms for condition
[debug] &amp#27;[35m[WD Proxy]&amp#27;[39m Matched '/element' to command name 'findElement'
[debug] &amp#27;[35m[WD Proxy]&amp#27;[39m Proxying [POST /element] to [POST http://127.0.0.1:8200/wd/hub/session/8bb3af16-b5e0-48e8-b2dc-d18ff55157a8/element] with body: {"strategy":"xpath","selector":"//*[@content-desc='Connection']","context":"","multiple":false}
[debug] &amp#27;[35m[WD Proxy]&amp#27;[39m Got response with status 200: {"sessionId":"8bb3af16-b5e0-48e8-b2dc-d18ff55157a8","value":{"ELEMENT":"e0ff4a4f-af11-496c-8e71-60a09caaa6e8","element-6066-11e4-a52e-4f735466cecf":"e0ff4a4f-af11-496c-8e71-60a09caaa6e8"}}
[debug] &amp#27;[35m[W3C (7abed428)]&amp#27;[39m Responding to client with driver.findElement() result: {"element-6066-11e4-a52e-4f735466cecf":"e0ff4a4f-af11-496c-8e71-60a09caaa6e8","ELEMENT":"e0ff4a4f-af11-496c-8e71-60a09caaa6e8"}
&amp#27;[35m[HTTP]&amp#27;[39m &amp#27;[37m<-- POST /wd/hub/session/7abed428-c9f4-42ce-999c-3881ca65dec0/element &amp#27;[39m&amp#27;[32m200&amp#27;[39m &amp#27;[90m690 ms - 137&amp#27;[39m
&amp#27;[35m[HTTP]&amp#27;[39m &amp#27;[90m&amp#27;[39m
&amp#27;[35m[HTTP]&amp#27;[39m &amp#27;[37m-->&amp#27;[39m &amp#27;[37mPOST&amp#27;[39m &amp#27;[37m/wd/hub/session/7abed428-c9f4-42ce-999c-3881ca65dec0/touch/perform&amp#27;[39m
&amp#27;[35m[HTTP]&amp#27;[39m &amp#27;[90m{"actions":[{"action":"tap","options":{"count":1,"element":"e0ff4a4f-af11-496c-8e71-60a09caaa6e8"}}]}&amp#27;[39m
[debug] &amp#27;[35m[W3C (7abed428)]&amp#27;[39m Calling AppiumDriver.performTouch() with args: [[{"action":"tap","options":{"count":1,"element":"e0ff4a4f-af11-496c-8e71-60a09caaa6e8"}}],"7abed428-c9f4-42ce-999c-3881ca65dec0"]
&amp#27;[35m[UiAutomator2]&amp#27;[39m calling get location: e0ff4a4f-af11-496c-8e71-60a09caaa6e8
[debug] &amp#27;[35m[WD Proxy]&amp#27;[39m Matched '/element/e0ff4a4f-af11-496c-8e71-60a09caaa6e8/location' to command name 'getLocation'
[debug] &amp#27;[35m[WD Proxy]&amp#27;[39m Proxying [GET /element/e0ff4a4f-af11-496c-8e71-60a09caaa6e8/location] to [GET http://127.0.0.1:8200/wd/hub/session/8bb3af16-b5e0-48e8-b2dc-d18ff55157a8/element/e0ff4a4f-af11-496c-8e71-60a09caaa6e8/location] with no body
[debug] &amp#27;[35m[WD Proxy]&amp#27;[39m Got response with status 200: {"sessionId":"8bb3af16-b5e0-48e8-b2dc-d18ff55157a8","value":{"x":40,"y":1621}}
[debug] &amp#27;[35m[WD Proxy]&amp#27;[39m Matched '/element/e0ff4a4f-af11-496c-8e71-60a09caaa6e8/size' to command name 'getSize'
[debug] &amp#27;[35m[WD Proxy]&amp#27;[39m Proxying [GET /element/e0ff4a4f-af11-496c-8e71-60a09caaa6e8/size] to [GET http://127.0.0.1:8200/wd/hub/session/8bb3af16-b5e0-48e8-b2dc-d18ff55157a8/element/e0ff4a4f-af11-496c-8e71-60a09caaa6e8/size] with no body
[debug] &amp#27;[35m[WD Proxy]&amp#27;[39m Got response with status 200: {"sessionId":"8bb3af16-b5e0-48e8-b2dc-d18ff55157a8","value":{"height":75,"width":272}}
[debug] &amp#27;[35m[WD Proxy]&amp#27;[39m Proxying [POST /appium/tap] to [POST http://127.0.0.1:8200/wd/hub/session/8bb3af16-b5e0-48e8-b2dc-d18ff55157a8/appium/tap] with body: {"x":176,"y":1658.5,"undefined":null}
[debug] &amp#27;[35m[WD Proxy]&amp#27;[39m Got response with status 200: {"sessionId":"8bb3af16-b5e0-48e8-b2dc-d18ff55157a8","value":null}
[debug] &amp#27;[35m[W3C (7abed428)]&amp#27;[39m Responding to client with driver.performTouch() result: null
&amp#27;[35m[HTTP]&amp#27;[39m &amp#27;[37m<-- POST /wd/hub/session/7abed428-c9f4-42ce-999c-3881ca65dec0/touch/perform &amp#27;[39m&amp#27;[32m200&amp#27;[39m &amp#27;[90m200 ms - 14&amp#27;[39m
&amp#27;[35m[HTTP]&amp#27;[39m &amp#27;[90m&amp#27;[39m
&amp#27;[35m[HTTP]&amp#27;[39m &amp#27;[37m-->&amp#27;[39m &amp#27;[37mPOST&amp#27;[39m &amp#27;[37m/wd/hub/session/7abed428-c9f4-42ce-999c-3881ca65dec0/elements&amp#27;[39m
&amp#27;[35m[HTTP]&amp#27;[39m &amp#27;[90m{"using":"xpath","value":"//*[@content-desc='192.168.0.53']"}&amp#27;[39m
[debug] &amp#27;[35m[W3C (7abed428)]&amp#27;[39m Calling AppiumDriver.findElements() with args: ["xpath","//*[@content-desc='192.168.0.53']","7abed428-c9f4-42ce-999c-3881ca65dec0"]
[debug] &amp#27;[35m[BaseDriver]&amp#27;[39m Valid locator strategies for this request: xpath, id, class name, accessibility id, -android uiautomator
[debug] &amp#27;[35m[BaseDriver]&amp#27;[39m Waiting up to 5000 ms for condition
[debug] &amp#27;[35m[WD Proxy]&amp#27;[39m Matched '/elements' to command name 'findElements'
[debug] &amp#27;[35m[WD Proxy]&amp#27;[39m Proxying [POST /elements] to [POST http://127.0.0.1:8200/wd/hub/session/8bb3af16-b5e0-48e8-b2dc-d18ff55157a8/elements] with body: {"strategy":"xpath","selector":"//*[@content-desc='192.168.0.53']","context":"","multiple":true}
[debug] &amp#27;[35m[WD Proxy]&amp#27;[39m Got response with status 200: {"sessionId":"8bb3af16-b5e0-48e8-b2dc-d18ff55157a8","value":[{"ELEMENT":"3f5cce4e-b789-4e97-a25b-771bf63fb95a","element-6066-11e4-a52e-4f735466cecf":"3f5cce4e-b789-4e97-a25b-771bf63fb95a"}]}
[debug] &amp#27;[35m[W3C (7abed428)]&amp#27;[39m Responding to client with driver.findElements() result: [{"element-6066-11e4-a52e-4f735466cecf":"3f5cce4e-b789-4e97-a25b-771bf63fb95a","ELEMENT":"3f5cce4e-b789-4e97-a25b-771bf63fb95a"}]
&amp#27;[35m[HTTP]&amp#27;[39m &amp#27;[37m<-- POST /wd/hub/session/7abed428-c9f4-42ce-999c-3881ca65dec0/elements &amp#27;[39m&amp#27;[32m200&amp#27;[39m &amp#27;[90m198 ms - 139&amp#27;[39m
&amp#27;[35m[HTTP]&amp#27;[39m &amp#27;[90m&amp#27;[39m
&amp#27;[35m[HTTP]&amp#27;[39m &amp#27;[37m-->&amp#27;[39m &amp#27;[37mGET&amp#27;[39m &amp#27;[37m/wd/hub/session/7abed428-c9f4-42ce-999c-3881ca65dec0/context&amp#27;[39m
&amp#27;[35m[HTTP]&amp#27;[39m &amp#27;[90m{}&amp#27;[39m
[debug] &amp#27;[35m[W3C (7abed428)]&amp#27;[39m Calling AppiumDriver.getCurrentContext() with args: ["7abed428-c9f4-42ce-999c-3881ca65dec0"]
[debug] &amp#27;[35m[W3C (7abed428)]&amp#27;[39m Responding to client with driver.getCurrentContext() result: "NATIVE_APP"
&amp#27;[35m[HTTP]&amp#27;[39m &amp#27;[37m<-- GET /wd/hub/session/7abed428-c9f4-42ce-999c-3881ca65dec0/context &amp#27;[39m&amp#27;[32m200&amp#27;[39m &amp#27;[90m2 ms - 22&amp#27;[39m
&amp#27;[35m[HTTP]&amp#27;[39m &amp#27;[90m&amp#27;[39m
&amp#27;[35m[HTTP]&amp#27;[39m &amp#27;[37m-->&amp#27;[39m &amp#27;[37mPOST&amp#27;[39m &amp#27;[37m/wd/hub/session/7abed428-c9f4-42ce-999c-3881ca65dec0/element&amp#27;[39m
&amp#27;[35m[HTTP]&amp#27;[39m &amp#27;[90m{"using":"xpath","value":"//*[@index='3']"}&amp#27;[39m
[debug] &amp#27;[35m[W3C (7abed428)]&amp#27;[39m Calling AppiumDriver.findElement() with args: ["xpath","//*[@index='3']","7abed428-c9f4-42ce-999c-3881ca65dec0"]
[debug] &amp#27;[35m[BaseDriver]&amp#27;[39m Valid locator strategies for this request: xpath, id, class name, accessibility id, -android uiautomator
[debug] &amp#27;[35m[BaseDriver]&amp#27;[39m Waiting up to 5000 ms for condition
[debug] &amp#27;[35m[WD Proxy]&amp#27;[39m Matched '/element' to command name 'findElement'
[debug] &amp#27;[35m[WD Proxy]&amp#27;[39m Proxying [POST /element] to [POST http://127.0.0.1:8200/wd/hub/session/8bb3af16-b5e0-48e8-b2dc-d18ff55157a8/element] with body: {"strategy":"xpath","selector":"//*[@index='3']","context":"","multiple":false}
[debug] &amp#27;[35m[WD Proxy]&amp#27;[39m Got response with status 200: {"sessionId":"8bb3af16-b5e0-48e8-b2dc-d18ff55157a8","value":{"ELEMENT":"07d09c38-45fc-4dd8-a8ce-e2a6276a24c9","element-6066-11e4-a52e-4f735466cecf":"07d09c38-45fc-4dd8-a8ce-e2a6276a24c9"}}
[debug] &amp#27;[35m[W3C (7abed428)]&amp#27;[39m Responding to client with driver.findElement() result: {"element-6066-11e4-a52e-4f735466cecf":"07d09c38-45fc-4dd8-a8ce-e2a6276a24c9","ELEMENT":"07d09c38-45fc-4dd8-a8ce-e2a6276a24c9"}
&amp#27;[35m[HTTP]&amp#27;[39m &amp#27;[37m<-- POST /wd/hub/session/7abed428-c9f4-42ce-999c-3881ca65dec0/element &amp#27;[39m&amp#27;[32m200&amp#27;[39m &amp#27;[90m139 ms - 137&amp#27;[39m
&amp#27;[35m[HTTP]&amp#27;[39m &amp#27;[90m&amp#27;[39m
&amp#27;[35m[HTTP]&amp#27;[39m &amp#27;[37m-->&amp#27;[39m &amp#27;[37mGET&amp#27;[39m &amp#27;[37m/wd/hub/session/7abed428-c9f4-42ce-999c-3881ca65dec0/element/07d09c38-45fc-4dd8-a8ce-e2a6276a24c9/attribute/content-desc&amp#27;[39m
&amp#27;[35m[HTTP]&amp#27;[39m &amp#27;[90m{}&amp#27;[39m
[debug] &amp#27;[35m[W3C (7abed428)]&amp#27;[39m Calling AppiumDriver.getAttribute() with args: ["content-desc","07d09c38-45fc-4dd8-a8ce-e2a6276a24c9","7abed428-c9f4-42ce-999c-3881ca65dec0"]
[debug] &amp#27;[35m[WD Proxy]&amp#27;[39m Matched '/element/07d09c38-45fc-4dd8-a8ce-e2a6276a24c9/attribute/content-desc' to command name 'getAttribute'
[debug] &amp#27;[35m[WD Proxy]&amp#27;[39m Proxying [GET /element/07d09c38-45fc-4dd8-a8ce-e2a6276a24c9/attribute/content-desc] to [GET http://127.0.0.1:8200/wd/hub/session/8bb3af16-b5e0-48e8-b2dc-d18ff55157a8/element/07d09c38-45fc-4dd8-a8ce-e2a6276a24c9/attribute/content-desc] with no body
[debug] &amp#27;[35m[WD Proxy]&amp#27;[39m Got response with status 200: {"sessionId":"8bb3af16-b5e0-48e8-b2dc-d18ff55157a8","value":"192.168.0.53"}
[debug] &amp#27;[35m[W3C (7abed428)]&amp#27;[39m Responding to client with driver.getAttribute() result: "192.168.0.53"
&amp#27;[35m[HTTP]&amp#27;[39m &amp#27;[37m<-- GET /wd/hub/session/7abed428-c9f4-42ce-999c-3881ca65dec0/element/07d09c38-45fc-4dd8-a8ce-e2a6276a24c9/attribute/content-desc &amp#27;[39m&amp#27;[32m200&amp#27;[39m &amp#27;[90m13 ms - 24&amp#27;[39m
&amp#27;[35m[HTTP]&amp#27;[39m &amp#27;[90m&amp#27;[39m
&amp#27;[35m[HTTP]&amp#27;[39m &amp#27;[37m-->&amp#27;[39m &amp#27;[37mGET&amp#27;[39m &amp#27;[37m/wd/hub/session/7abed428-c9f4-42ce-999c-3881ca65dec0/context&amp#27;[39m
&amp#27;[35m[HTTP]&amp#27;[39m &amp#27;[90m{}&amp#27;[39m
[debug] &amp#27;[35m[W3C (7abed428)]&amp#27;[39m Calling AppiumDriver.getCurrentContext() with args: ["7abed428-c9f4-42ce-999c-3881ca65dec0"]
[debug] &amp#27;[35m[W3C (7abed428)]&amp#27;[39m Responding to client with driver.getCurrentContext() result: "NATIVE_APP"
&amp#27;[35m[HTTP]&amp#27;[39m &amp#27;[37m<-- GET /wd/hub/session/7abed428-c9f4-42ce-999c-3881ca65dec0/context &amp#27;[39m&amp#27;[32m200&amp#27;[39m &amp#27;[90m1 ms - 22&amp#27;[39m
&amp#27;[35m[HTTP]&amp#27;[39m &amp#27;[90m&amp#27;[39m
&amp#27;[35m[HTTP]&amp#27;[39m &amp#27;[37m-->&amp#27;[39m &amp#27;[37mPOST&amp#27;[39m &amp#27;[37m/wd/hub/session/7abed428-c9f4-42ce-999c-3881ca65dec0/element&amp#27;[39m
&amp#27;[35m[HTTP]&amp#27;[39m &amp#27;[90m{"using":"xpath","value":"//*[@index='3']"}&amp#27;[39m
[debug] &amp#27;[35m[W3C (7abed428)]&amp#27;[39m Calling AppiumDriver.findElement() with args: ["xpath","//*[@index='3']","7abed428-c9f4-42ce-999c-3881ca65dec0"]
[debug] &amp#27;[35m[BaseDriver]&amp#27;[39m Valid locator strategies for this request: xpath, id, class name, accessibility id, -android uiautomator
[debug] &amp#27;[35m[BaseDriver]&amp#27;[39m Waiting up to 5000 ms for condition
[debug] &amp#27;[35m[WD Proxy]&amp#27;[39m Matched '/element' to command name 'findElement'
[debug] &amp#27;[35m[WD Proxy]&amp#27;[39m Proxying [POST /element] to [POST http://127.0.0.1:8200/wd/hub/session/8bb3af16-b5e0-48e8-b2dc-d18ff55157a8/element] with body: {"strategy":"xpath","selector":"//*[@index='3']","context":"","multiple":false}
[debug] &amp#27;[35m[WD Proxy]&amp#27;[39m Got response with status 200: {"sessionId":"8bb3af16-b5e0-48e8-b2dc-d18ff55157a8","value":{"ELEMENT":"f478d1c1-5e95-4bca-81c6-3cfbe3e0fc04","element-6066-11e4-a52e-4f735466cecf":"f478d1c1-5e95-4bca-81c6-3cfbe3e0fc04"}}
[debug] &amp#27;[35m[W3C (7abed428)]&amp#27;[39m Responding to client with driver.findElement() result: {"element-6066-11e4-a52e-4f735466cecf":"f478d1c1-5e95-4bca-81c6-3cfbe3e0fc04","ELEMENT":"f478d1c1-5e95-4bca-81c6-3cfbe3e0fc04"}
&amp#27;[35m[HTTP]&amp#27;[39m &amp#27;[37m<-- POST /wd/hub/session/7abed428-c9f4-42ce-999c-3881ca65dec0/element &amp#27;[39m&amp#27;[32m200&amp#27;[39m &amp#27;[90m86 ms - 137&amp#27;[39m
&amp#27;[35m[HTTP]&amp#27;[39m &amp#27;[90m&amp#27;[39m
&amp#27;[35m[HTTP]&amp#27;[39m &amp#27;[37m-->&amp#27;[39m &amp#27;[37mPOST&amp#27;[39m &amp#27;[37m/wd/hub/session/7abed428-c9f4-42ce-999c-3881ca65dec0/touch/perform&amp#27;[39m
&amp#27;[35m[HTTP]&amp#27;[39m &amp#27;[90m{"actions":[{"action":"tap","options":{"count":1,"element":"f478d1c1-5e95-4bca-81c6-3cfbe3e0fc04"}}]}&amp#27;[39m
[debug] &amp#27;[35m[W3C (7abed428)]&amp#27;[39m Calling AppiumDriver.performTouch() with args: [[{"action":"tap","options":{"count":1,"element":"f478d1c1-5e95-4bca-81c6-3cfbe3e0fc04"}}],"7abed428-c9f4-42ce-999c-3881ca65dec0"]
&amp#27;[35m[UiAutomator2]&amp#27;[39m calling get location: f478d1c1-5e95-4bca-81c6-3cfbe3e0fc04
[debug] &amp#27;[35m[WD Proxy]&amp#27;[39m Matched '/element/f478d1c1-5e95-4bca-81c6-3cfbe3e0fc04/location' to command name 'getLocation'
[debug] &amp#27;[35m[WD Proxy]&amp#27;[39m Proxying [GET /element/f478d1c1-5e95-4bca-81c6-3cfbe3e0fc04/location] to [GET http://127.0.0.1:8200/wd/hub/session/8bb3af16-b5e0-48e8-b2dc-d18ff55157a8/element/f478d1c1-5e95-4bca-81c6-3cfbe3e0fc04/location] with no body
[debug] &amp#27;[35m[WD Proxy]&amp#27;[39m Got response with status 200: {"sessionId":"8bb3af16-b5e0-48e8-b2dc-d18ff55157a8","value":{"x":62,"y":238}}
[debug] &amp#27;[35m[WD Proxy]&amp#27;[39m Matched '/element/f478d1c1-5e95-4bca-81c6-3cfbe3e0fc04/size' to command name 'getSize'
[debug] &amp#27;[35m[WD Proxy]&amp#27;[39m Proxying [GET /element/f478d1c1-5e95-4bca-81c6-3cfbe3e0fc04/size] to [GET http://127.0.0.1:8200/wd/hub/session/8bb3af16-b5e0-48e8-b2dc-d18ff55157a8/element/f478d1c1-5e95-4bca-81c6-3cfbe3e0fc04/size] with no body
[debug] &amp#27;[35m[WD Proxy]&amp#27;[39m Got response with status 200: {"sessionId":"8bb3af16-b5e0-48e8-b2dc-d18ff55157a8","value":{"height":80,"width":350}}
[debug] &amp#27;[35m[WD Proxy]&amp#27;[39m Proxying [POST /appium/tap] to [POST http://127.0.0.1:8200/wd/hub/session/8bb3af16-b5e0-48e8-b2dc-d18ff55157a8/appium/tap] with body: {"x":237,"y":278,"undefined":null}
[debug] &amp#27;[35m[WD Proxy]&amp#27;[39m Got response with status 200: {"sessionId":"8bb3af16-b5e0-48e8-b2dc-d18ff55157a8","value":null}
[debug] &amp#27;[35m[W3C (7abed428)]&amp#27;[39m Responding to client with driver.performTouch() result: null
&amp#27;[35m[HTTP]&amp#27;[39m &amp#27;[37m<-- POST /wd/hub/session/7abed428-c9f4-42ce-999c-3881ca65dec0/touch/perform &amp#27;[39m&amp#27;[32m200&amp#27;[39m &amp#27;[90m193 ms - 14&amp#27;[39m
&amp#27;[35m[HTTP]&amp#27;[39m &amp#27;[90m&amp#27;[39m
&amp#27;[35m[HTTP]&amp#27;[39m &amp#27;[37m-->&amp#27;[39m &amp#27;[37mPOST&amp#27;[39m &amp#27;[37m/wd/hub/session/7abed428-c9f4-42ce-999c-3881ca65dec0/appium/device/press_keycode&amp#27;[39m
&amp#27;[35m[HTTP]&amp#27;[39m &amp#27;[90m{"keycode":22}&amp#27;[39m
[debug] &amp#27;[35m[W3C (7abed428)]&amp#27;[39m Calling AppiumDriver.pressKeyCode() with args: [22,null,null,null,null,"7abed428-c9f4-42ce-999c-3881ca65dec0"]
[debug] &amp#27;[35m[WD Proxy]&amp#27;[39m Matched '/appium/device/press_keycode' to command name 'pressKeyCode'
[debug] &amp#27;[35m[WD Proxy]&amp#27;[39m Proxying [POST /appium/device/press_keycode] to [POST http://127.0.0.1:8200/wd/hub/session/8bb3af16-b5e0-48e8-b2dc-d18ff55157a8/appium/device/press_keycode] with body: {"keycode":22,"metastate":null,"flags":null}
[debug] &amp#27;[35m[WD Proxy]&amp#27;[39m Got response with status 200: {"sessionId":"8bb3af16-b5e0-48e8-b2dc-d18ff55157a8","value":null}
[debug] &amp#27;[35m[W3C (7abed428)]&amp#27;[39m Responding to client with driver.pressKeyCode() result: null
&amp#27;[35m[HTTP]&amp#27;[39m &amp#27;[37m<-- POST /wd/hub/session/7abed428-c9f4-42ce-999c-3881ca65dec0/appium/device/press_keycode &amp#27;[39m&amp#27;[32m200&amp#27;[39m &amp#27;[90m56 ms - 14&amp#27;[39m
&amp#27;[35m[HTTP]&amp#27;[39m &amp#27;[90m&amp#27;[39m
&amp#27;[35m[HTTP]&amp#27;[39m &amp#27;[37m-->&amp#27;[39m &amp#27;[37mPOST&amp#27;[39m &amp#27;[37m/wd/hub/session/7abed428-c9f4-42ce-999c-3881ca65dec0/appium/device/press_keycode&amp#27;[39m
&amp#27;[35m[HTTP]&amp#27;[39m &amp#27;[90m{"keycode":67}&amp#27;[39m
[debug] &amp#27;[35m[W3C (7abed428)]&amp#27;[39m Calling AppiumDriver.pressKeyCode() with args: [67,null,null,null,null,"7abed428-c9f4-42ce-999c-3881ca65dec0"]
[debug] &amp#27;[35m[WD Proxy]&amp#27;[39m Matched '/appium/device/press_keycode' to command name 'pressKeyCode'
[debug] &amp#27;[35m[WD Proxy]&amp#27;[39m Proxying [POST /appium/device/press_keycode] to [POST http://127.0.0.1:8200/wd/hub/session/8bb3af16-b5e0-48e8-b2dc-d18ff55157a8/appium/device/press_keycode] with body: {"keycode":67,"metastate":null,"flags":null}
[debug] &amp#27;[35m[WD Proxy]&amp#27;[39m Got response with status 200: {"sessionId":"8bb3af16-b5e0-48e8-b2dc-d18ff55157a8","value":null}
[debug] &amp#27;[35m[W3C (7abed428)]&amp#27;[39m Responding to client with driver.pressKeyCode() result: null
&amp#27;[35m[HTTP]&amp#27;[39m &amp#27;[37m<-- POST /wd/hub/session/7abed428-c9f4-42ce-999c-3881ca65dec0/appium/device/press_keycode &amp#27;[39m&amp#27;[32m200&amp#27;[39m &amp#27;[90m1147 ms - 14&amp#27;[39m
&amp#27;[35m[HTTP]&amp#27;[39m &amp#27;[90m&amp#27;[39m
&amp#27;[35m[HTTP]&amp#27;[39m &amp#27;[37m-->&amp#27;[39m &amp#27;[37mPOST&amp#27;[39m &amp#27;[37m/wd/hub/session/7abed428-c9f4-42ce-999c-3881ca65dec0/appium/device/press_keycode&amp#27;[39m
&amp#27;[35m[HTTP]&amp#27;[39m &amp#27;[90m{"keycode":22}&amp#27;[39m
[debug] &amp#27;[35m[W3C (7abed428)]&amp#27;[39m Calling AppiumDriver.pressKeyCode() with args: [22,null,null,null,null,"7abed428-c9f4-42ce-999c-3881ca65dec0"]
[debug] &amp#27;[35m[WD Proxy]&amp#27;[39m Matched '/appium/device/press_keycode' to command name 'pressKeyCode'
[debug] &amp#27;[35m[WD Proxy]&amp#27;[39m Proxying [POST /appium/device/press_keycode] to [POST http://127.0.0.1:8200/wd/hub/session/8bb3af16-b5e0-48e8-b2dc-d18ff55157a8/appium/device/press_keycode] with body: {"keycode":22,"metastate":null,"flags":null}
[debug] &amp#27;[35m[WD Proxy]&amp#27;[39m Got response with status 200: {"sessionId":"8bb3af16-b5e0-48e8-b2dc-d18ff55157a8","value":null}
[debug] &amp#27;[35m[W3C (7abed428)]&amp#27;[39m Responding to client with driver.pressKeyCode() result: null
&amp#27;[35m[HTTP]&amp#27;[39m &amp#27;[37m<-- POST /wd/hub/session/7abed428-c9f4-42ce-999c-3881ca65dec0/appium/device/press_keycode &amp#27;[39m&amp#27;[32m200&amp#27;[39m &amp#27;[90m55 ms - 14&amp#27;[39m
&amp#27;[35m[HTTP]&amp#27;[39m &amp#27;[90m&amp#27;[39m
&amp#27;[35m[HTTP]&amp#27;[39m &amp#27;[37m-->&amp#27;[39m &amp#27;[37mPOST&amp#27;[39m &amp#27;[37m/wd/hub/session/7abed428-c9f4-42ce-999c-3881ca65dec0/appium/device/press_keycode&amp#27;[39m
&amp#27;[35m[HTTP]&amp#27;[39m &amp#27;[90m{"keycode":67}&amp#27;[39m
[debug] &amp#27;[35m[W3C (7abed428)]&amp#27;[39m Calling AppiumDriver.pressKeyCode() with args: [67,null,null,null,null,"7abed428-c9f4-42ce-999c-3881ca65dec0"]
[debug] &amp#27;[35m[WD Proxy]&amp#27;[39m Matched '/appium/device/press_keycode' to command name 'pressKeyCode'
[debug] &amp#27;[35m[WD Proxy]&amp#27;[39m Proxying [POST /appium/device/press_keycode] to [POST http://127.0.0.1:8200/wd/hub/session/8bb3af16-b5e0-48e8-b2dc-d18ff55157a8/appium/device/press_keycode] with body: {"keycode":67,"metastate":null,"flags":null}
[debug] &amp#27;[35m[WD Proxy]&amp#27;[39m Got response with status 200: {"sessionId":"8bb3af16-b5e0-48e8-b2dc-d18ff55157a8","value":null}
[debug] &amp#27;[35m[W3C (7abed428)]&amp#27;[39m Responding to client with driver.pressKeyCode() result: null
&amp#27;[35m[HTTP]&amp#27;[39m &amp#27;[37m<-- POST /wd/hub/session/7abed428-c9f4-42ce-999c-3881ca65dec0/appium/device/press_keycode &amp#27;[39m&amp#27;[32m200&amp#27;[39m &amp#27;[90m828 ms - 14&amp#27;[39m
&amp#27;[35m[HTTP]&amp#27;[39m &amp#27;[90m&amp#27;[39m
&amp#27;[35m[HTTP]&amp#27;[39m &amp#27;[37m-->&amp#27;[39m &amp#27;[37mPOST&amp#27;[39m &amp#27;[37m/wd/hub/session/7abed428-c9f4-42ce-999c-3881ca65dec0/appium/device/press_keycode&amp#27;[39m
&amp#27;[35m[HTTP]&amp#27;[39m &amp#27;[90m{"keycode":22}&amp#27;[39m
[debug] &amp#27;[35m[W3C (7abed428)]&amp#27;[39m Calling AppiumDriver.pressKeyCode() with args: [22,null,null,null,null,"7abed428-c9f4-42ce-999c-3881ca65dec0"]
[debug] &amp#27;[35m[WD Proxy]&amp#27;[39m Matched '/appium/device/press_keycode' to command name 'pressKeyCode'
[debug] &amp#27;[35m[WD Proxy]&amp#27;[39m Proxying [POST /appium/device/press_keycode] to [POST http://127.0.0.1:8200/wd/hub/session/8bb3af16-b5e0-48e8-b2dc-d18ff55157a8/appium/device/press_keycode] with body: {"keycode":22,"metastate":null,"flags":null}
[debug] &amp#27;[35m[WD Proxy]&amp#27;[39m Got response with status 200: {"sessionId":"8bb3af16-b5e0-48e8-b2dc-d18ff55157a8","value":null}
[debug] &amp#27;[35m[W3C (7abed428)]&amp#27;[39m Responding to client with driver.pressKeyCode() result: null
&amp#27;[35m[HTTP]&amp#27;[39m &amp#27;[37m<-- POST /wd/hub/session/7abed428-c9f4-42ce-999c-3881ca65dec0/appium/device/press_keycode &amp#27;[39m&amp#27;[32m200&amp#27;[39m &amp#27;[90m638 ms - 14&amp#27;[39m
&amp#27;[35m[HTTP]&amp#27;[39m &amp#27;[90m&amp#27;[39m
&amp#27;[35m[HTTP]&amp#27;[39m &amp#27;[37m-->&amp#27;[39m &amp#27;[37mPOST&amp#27;[39m &amp#27;[37m/wd/hub/session/7abed428-c9f4-42ce-999c-3881ca65dec0/appium/device/press_keycode&amp#27;[39m
&amp#27;[35m[HTTP]&amp#27;[39m &amp#27;[90m{"keycode":67}&amp#27;[39m
[debug] &amp#27;[35m[W3C (7abed428)]&amp#27;[39m Calling AppiumDriver.pressKeyCode() with args: [67,null,null,null,null,"7abed428-c9f4-42ce-999c-3881ca65dec0"]
[debug] &amp#27;[35m[WD Proxy]&amp#27;[39m Matched '/appium/device/press_keycode' to command name 'pressKeyCode'
[debug] &amp#27;[35m[WD Proxy]&amp#27;[39m Proxying [POST /appium/device/press_keycode] to [POST http://127.0.0.1:8200/wd/hub/session/8bb3af16-b5e0-48e8-b2dc-d18ff55157a8/appium/device/press_keycode] with body: {"keycode":67,"metastate":null,"flags":null}
[debug] &amp#27;[35m[WD Proxy]&amp#27;[39m Got response with status 200: {"sessionId":"8bb3af16-b5e0-48e8-b2dc-d18ff55157a8","value":null}
[debug] &amp#27;[35m[W3C (7abed428)]&amp#27;[39m Responding to client with driver.pressKeyCode() result: null
&amp#27;[35m[HTTP]&amp#27;[39m &amp#27;[37m<-- POST /wd/hub/session/7abed428-c9f4-42ce-999c-3881ca65dec0/appium/device/press_keycode &amp#27;[39m&amp#27;[32m200&amp#27;[39m &amp#27;[90m113 ms - 14&amp#27;[39m
&amp#27;[35m[HTTP]&amp#27;[39m &amp#27;[90m&amp#27;[39m
&amp#27;[35m[HTTP]&amp#27;[39m &amp#27;[37m-->&amp#27;[39m &amp#27;[37mPOST&amp#27;[39m &amp#27;[37m/wd/hub/session/7abed428-c9f4-42ce-999c-3881ca65dec0/appium/device/press_keycode&amp#27;[39m
&amp#27;[35m[HTTP]&amp#27;[39m &amp#27;[90m{"keycode":22}&amp#27;[39m
[debug] &amp#27;[35m[W3C (7abed428)]&amp#27;[39m Calling AppiumDriver.pressKeyCode() with args: [22,null,null,null,null,"7abed428-c9f4-42ce-999c-3881ca65dec0"]
[debug] &amp#27;[35m[WD Proxy]&amp#27;[39m Matched '/appium/device/press_keycode' to command name 'pressKeyCode'
[debug] &amp#27;[35m[WD Proxy]&amp#27;[39m Proxying [POST /appium/device/press_keycode] to [POST http://127.0.0.1:8200/wd/hub/session/8bb3af16-b5e0-48e8-b2dc-d18ff55157a8/appium/device/press_keycode] with body: {"keycode":22,"metastate":null,"flags":null}
[debug] &amp#27;[35m[WD Proxy]&amp#27;[39m Got response with status 200: {"sessionId":"8bb3af16-b5e0-48e8-b2dc-d18ff55157a8","value":null}
[debug] &amp#27;[35m[W3C (7abed428)]&amp#27;[39m Responding to client with driver.pressKeyCode() result: null
&amp#27;[35m[HTTP]&amp#27;[39m &amp#27;[37m<-- POST /wd/hub/session/7abed428-c9f4-42ce-999c-3881ca65dec0/appium/device/press_keycode &amp#27;[39m&amp#27;[32m200&amp#27;[39m &amp#27;[90m127 ms - 14&amp#27;[39m
&amp#27;[35m[HTTP]&amp#27;[39m &amp#27;[90m&amp#27;[39m
&amp#27;[35m[HTTP]&amp#27;[39m &amp#27;[37m-->&amp#27;[39m &amp#27;[37mPOST&amp#27;[39m &amp#27;[37m/wd/hub/session/7abed428-c9f4-42ce-999c-3881ca65dec0/appium/device/press_keycode&amp#27;[39m
&amp#27;[35m[HTTP]&amp#27;[39m &amp#27;[90m{"keycode":67}&amp#27;[39m
[debug] &amp#27;[35m[W3C (7abed428)]&amp#27;[39m Calling AppiumDriver.pressKeyCode() with args: [67,null,null,null,null,"7abed428-c9f4-42ce-999c-3881ca65dec0"]
[debug] &amp#27;[35m[WD Proxy]&amp#27;[39m Matched '/appium/device/press_keycode' to command name 'pressKeyCode'
[debug] &amp#27;[35m[WD Proxy]&amp#27;[39m Proxying [POST /appium/device/press_keycode] to [POST http://127.0.0.1:8200/wd/hub/session/8bb3af16-b5e0-48e8-b2dc-d18ff55157a8/appium/device/press_keycode] with body: {"keycode":67,"metastate":null,"flags":null}
[debug] &amp#27;[35m[WD Proxy]&amp#27;[39m Got response with status 200: {"sessionId":"8bb3af16-b5e0-48e8-b2dc-d18ff55157a8","value":null}
[debug] &amp#27;[35m[W3C (7abed428)]&amp#27;[39m Responding to client with driver.pressKeyCode() result: null
&amp#27;[35m[HTTP]&amp#27;[39m &amp#27;[37m<-- POST /wd/hub/session/7abed428-c9f4-42ce-999c-3881ca65dec0/appium/device/press_keycode &amp#27;[39m&amp#27;[32m200&amp#27;[39m &amp#27;[90m193 ms - 14&amp#27;[39m
&amp#27;[35m[HTTP]&amp#27;[39m &amp#27;[90m&amp#27;[39m
&amp#27;[35m[HTTP]&amp#27;[39m &amp#27;[37m-->&amp#27;[39m &amp#27;[37mPOST&amp#27;[39m &amp#27;[37m/wd/hub/session/7abed428-c9f4-42ce-999c-3881ca65dec0/appium/device/press_keycode&amp#27;[39m
&amp#27;[35m[HTTP]&amp#27;[39m &amp#27;[90m{"keycode":22}&amp#27;[39m
[debug] &amp#27;[35m[W3C (7abed428)]&amp#27;[39m Calling AppiumDriver.pressKeyCode() with args: [22,null,null,null,null,"7abed428-c9f4-42ce-999c-3881ca65dec0"]
[debug] &amp#27;[35m[WD Proxy]&amp#27;[39m Matched '/appium/device/press_keycode' to command name 'pressKeyCode'
[debug] &amp#27;[35m[WD Proxy]&amp#27;[39m Proxying [POST /appium/device/press_keycode] to [POST http://127.0.0.1:8200/wd/hub/session/8bb3af16-b5e0-48e8-b2dc-d18ff55157a8/appium/device/press_keycode] with body: {"keycode":22,"metastate":null,"flags":null}
[debug] &amp#27;[35m[WD Proxy]&amp#27;[39m Got response with status 200: {"sessionId":"8bb3af16-b5e0-48e8-b2dc-d18ff55157a8","value":null}
[debug] &amp#27;[35m[W3C (7abed428)]&amp#27;[39m Responding to client with driver.pressKeyCode() result: null
&amp#27;[35m[HTTP]&amp#27;[39m &amp#27;[37m<-- POST /wd/hub/session/7abed428-c9f4-42ce-999c-3881ca65dec0/appium/device/press_keycode &amp#27;[39m&amp#27;[32m200&amp#27;[39m &amp#27;[90m581 ms - 14&amp#27;[39m
&amp#27;[35m[HTTP]&amp#27;[39m &amp#27;[90m&amp#27;[39m
&amp#27;[35m[HTTP]&amp#27;[39m &amp#27;[37m-->&amp#27;[39m &amp#27;[37mPOST&amp#27;[39m &amp#27;[37m/wd/hub/session/7abed428-c9f4-42ce-999c-3881ca65dec0/appium/device/press_keycode&amp#27;[39m
&amp#27;[35m[HTTP]&amp#27;[39m &amp#27;[90m{"keycode":67}&amp#27;[39m
[debug] &amp#27;[35m[W3C (7abed428)]&amp#27;[39m Calling AppiumDriver.pressKeyCode() with args: [67,null,null,null,null,"7abed428-c9f4-42ce-999c-3881ca65dec0"]
[debug] &amp#27;[35m[WD Proxy]&amp#27;[39m Matched '/appium/device/press_keycode' to command name 'pressKeyCode'
[debug] &amp#27;[35m[WD Proxy]&amp#27;[39m Proxying [POST /appium/device/press_keycode] to [POST http://127.0.0.1:8200/wd/hub/session/8bb3af16-b5e0-48e8-b2dc-d18ff55157a8/appium/device/press_keycode] with body: {"keycode":67,"metastate":null,"flags":null}
[debug] &amp#27;[35m[WD Proxy]&amp#27;[39m Got response with status 200: {"sessionId":"8bb3af16-b5e0-48e8-b2dc-d18ff55157a8","value":null}
[debug] &amp#27;[35m[W3C (7abed428)]&amp#27;[39m Responding to client with driver.pressKeyCode() result: null
&amp#27;[35m[HTTP]&amp#27;[39m &amp#27;[37m<-- POST /wd/hub/session/7abed428-c9f4-42ce-999c-3881ca65dec0/appium/device/press_keycode &amp#27;[39m&amp#27;[32m200&amp#27;[39m &amp#27;[90m169 ms - 14&amp#27;[39m
&amp#27;[35m[HTTP]&amp#27;[39m &amp#27;[90m&amp#27;[39m
&amp#27;[35m[HTTP]&amp#27;[39m &amp#27;[37m-->&amp#27;[39m &amp#27;[37mPOST&amp#27;[39m &amp#27;[37m/wd/hub/session/7abed428-c9f4-42ce-999c-3881ca65dec0/appium/device/press_keycode&amp#27;[39m
&amp#27;[35m[HTTP]&amp#27;[39m &amp#27;[90m{"keycode":22}&amp#27;[39m
[debug] &amp#27;[35m[W3C (7abed428)]&amp#27;[39m Calling AppiumDriver.pressKeyCode() with args: [22,null,null,null,null,"7abed428-c9f4-42ce-999c-3881ca65dec0"]
[debug] &amp#27;[35m[WD Proxy]&amp#27;[39m Matched '/appium/device/press_keycode' to command name 'pressKeyCode'
[debug] &amp#27;[35m[WD Proxy]&amp#27;[39m Proxying [POST /appium/device/press_keycode] to [POST http://127.0.0.1:8200/wd/hub/session/8bb3af16-b5e0-48e8-b2dc-d18ff55157a8/appium/device/press_keycode] with body: {"keycode":22,"metastate":null,"flags":null}
[debug] &amp#27;[35m[WD Proxy]&amp#27;[39m Got response with status 200: {"sessionId":"8bb3af16-b5e0-48e8-b2dc-d18ff55157a8","value":null}
[debug] &amp#27;[35m[W3C (7abed428)]&amp#27;[39m Responding to client with driver.pressKeyCode() result: null
&amp#27;[35m[HTTP]&amp#27;[39m &amp#27;[37m<-- POST /wd/hub/session/7abed428-c9f4-42ce-999c-3881ca65dec0/appium/device/press_keycode &amp#27;[39m&amp#27;[32m200&amp#27;[39m &amp#27;[90m75 ms - 14&amp#27;[39m
&amp#27;[35m[HTTP]&amp#27;[39m &amp#27;[90m&amp#27;[39m
&amp#27;[35m[HTTP]&amp#27;[39m &amp#27;[37m-->&amp#27;[39m &amp#27;[37mPOST&amp#27;[39m &amp#27;[37m/wd/hub/session/7abed428-c9f4-42ce-999c-3881ca65dec0/appium/device/press_keycode&amp#27;[39m
&amp#27;[35m[HTTP]&amp#27;[39m &amp#27;[90m{"keycode":67}&amp#27;[39m
[debug] &amp#27;[35m[W3C (7abed428)]&amp#27;[39m Calling AppiumDriver.pressKeyCode() with args: [67,null,null,null,null,"7abed428-c9f4-42ce-999c-3881ca65dec0"]
[debug] &amp#27;[35m[WD Proxy]&amp#27;[39m Matched '/appium/device/press_keycode' to command name 'pressKeyCode'
[debug] &amp#27;[35m[WD Proxy]&amp#27;[39m Proxying [POST /appium/device/press_keycode] to [POST http://127.0.0.1:8200/wd/hub/session/8bb3af16-b5e0-48e8-b2dc-d18ff55157a8/appium/device/press_keycode] with body: {"keycode":67,"metastate":null,"flags":null}
[debug] &amp#27;[35m[WD Proxy]&amp#27;[39m Got response with status 200: {"sessionId":"8bb3af16-b5e0-48e8-b2dc-d18ff55157a8","value":null}
[debug] &amp#27;[35m[W3C (7abed428)]&amp#27;[39m Responding to client with driver.pressKeyCode() result: null
&amp#27;[35m[HTTP]&amp#27;[39m &amp#27;[37m<-- POST /wd/hub/session/7abed428-c9f4-42ce-999c-3881ca65dec0/appium/device/press_keycode &amp#27;[39m&amp#27;[32m200&amp#27;[39m &amp#27;[90m114 ms - 14&amp#27;[39m
&amp#27;[35m[HTTP]&amp#27;[39m &amp#27;[90m&amp#27;[39m
&amp#27;[35m[HTTP]&amp#27;[39m &amp#27;[37m-->&amp#27;[39m &amp#27;[37mPOST&amp#27;[39m &amp#27;[37m/wd/hub/session/7abed428-c9f4-42ce-999c-3881ca65dec0/appium/device/press_keycode&amp#27;[39m
&amp#27;[35m[HTTP]&amp#27;[39m &amp#27;[90m{"keycode":22}&amp#27;[39m
[debug] &amp#27;[35m[W3C (7abed428)]&amp#27;[39m Calling AppiumDriver.pressKeyCode() with args: [22,null,null,null,null,"7abed428-c9f4-42ce-999c-3881ca65dec0"]
[debug] &amp#27;[35m[WD Proxy]&amp#27;[39m Matched '/appium/device/press_keycode' to command name 'pressKeyCode'
[debug] &amp#27;[35m[WD Proxy]&amp#27;[39m Proxying [POST /appium/device/press_keycode] to [POST http://127.0.0.1:8200/wd/hub/session/8bb3af16-b5e0-48e8-b2dc-d18ff55157a8/appium/device/press_keycode] with body: {"keycode":22,"metastate":null,"flags":null}
[debug] &amp#27;[35m[WD Proxy]&amp#27;[39m Got response with status 200: {"sessionId":"8bb3af16-b5e0-48e8-b2dc-d18ff55157a8","value":null}
[debug] &amp#27;[35m[W3C (7abed428)]&amp#27;[39m Responding to client with driver.pressKeyCode() result: null
&amp#27;[35m[HTTP]&amp#27;[39m &amp#27;[37m<-- POST /wd/hub/session/7abed428-c9f4-42ce-999c-3881ca65dec0/appium/device/press_keycode &amp#27;[39m&amp#27;[32m200&amp#27;[39m &amp#27;[90m71 ms - 14&amp#27;[39m
&amp#27;[35m[HTTP]&amp#27;[39m &amp#27;[90m&amp#27;[39m
&amp#27;[35m[HTTP]&amp#27;[39m &amp#27;[37m-->&amp#27;[39m &amp#27;[37mPOST&amp#27;[39m &amp#27;[37m/wd/hub/session/7abed428-c9f4-42ce-999c-3881ca65dec0/appium/device/press_keycode&amp#27;[39m
&amp#27;[35m[HTTP]&amp#27;[39m &amp#27;[90m{"keycode":67}&amp#27;[39m
[debug] &amp#27;[35m[W3C (7abed428)]&amp#27;[39m Calling AppiumDriver.pressKeyCode() with args: [67,null,null,null,null,"7abed428-c9f4-42ce-999c-3881ca65dec0"]
[debug] &amp#27;[35m[WD Proxy]&amp#27;[39m Matched '/appium/device/press_keycode' to command name 'pressKeyCode'
[debug] &amp#27;[35m[WD Proxy]&amp#27;[39m Proxying [POST /appium/device/press_keycode] to [POST http://127.0.0.1:8200/wd/hub/session/8bb3af16-b5e0-48e8-b2dc-d18ff55157a8/appium/device/press_keycode] with body: {"keycode":67,"metastate":null,"flags":null}
[debug] &amp#27;[35m[WD Proxy]&amp#27;[39m Got response with status 200: {"sessionId":"8bb3af16-b5e0-48e8-b2dc-d18ff55157a8","value":null}
[debug] &amp#27;[35m[W3C (7abed428)]&amp#27;[39m Responding to client with driver.pressKeyCode() result: null
&amp#27;[35m[HTTP]&amp#27;[39m &amp#27;[37m<-- POST /wd/hub/session/7abed428-c9f4-42ce-999c-3881ca65dec0/appium/device/press_keycode &amp#27;[39m&amp#27;[32m200&amp#27;[39m &amp#27;[90m79 ms - 14&amp#27;[39m
&amp#27;[35m[HTTP]&amp#27;[39m &amp#27;[90m&amp#27;[39m
&amp#27;[35m[HTTP]&amp#27;[39m &amp#27;[37m-->&amp#27;[39m &amp#27;[37mPOST&amp#27;[39m &amp#27;[37m/wd/hub/session/7abed428-c9f4-42ce-999c-3881ca65dec0/appium/device/press_keycode&amp#27;[39m
&amp#27;[35m[HTTP]&amp#27;[39m &amp#27;[90m{"keycode":22}&amp#27;[39m
[debug] &amp#27;[35m[W3C (7abed428)]&amp#27;[39m Calling AppiumDriver.pressKeyCode() with args: [22,null,null,null,null,"7abed428-c9f4-42ce-999c-3881ca65dec0"]
[debug] &amp#27;[35m[WD Proxy]&amp#27;[39m Matched '/appium/device/press_keycode' to command name 'pressKeyCode'
[debug] &amp#27;[35m[WD Proxy]&amp#27;[39m Proxying [POST /appium/device/press_keycode] to [POST http://127.0.0.1:8200/wd/hub/session/8bb3af16-b5e0-48e8-b2dc-d18ff55157a8/appium/device/press_keycode] with body: {"keycode":22,"metastate":null,"flags":null}
[debug] &amp#27;[35m[WD Proxy]&amp#27;[39m Got response with status 200: {"sessionId":"8bb3af16-b5e0-48e8-b2dc-d18ff55157a8","value":null}
[debug] &amp#27;[35m[W3C (7abed428)]&amp#27;[39m Responding to client with driver.pressKeyCode() result: null
&amp#27;[35m[HTTP]&amp#27;[39m &amp#27;[37m<-- POST /wd/hub/session/7abed428-c9f4-42ce-999c-3881ca65dec0/appium/device/press_keycode &amp#27;[39m&amp#27;[32m200&amp#27;[39m &amp#27;[90m92 ms - 14&amp#27;[39m
&amp#27;[35m[HTTP]&amp#27;[39m &amp#27;[90m&amp#27;[39m
&amp#27;[35m[HTTP]&amp#27;[39m &amp#27;[37m-->&amp#27;[39m &amp#27;[37mPOST&amp#27;[39m &amp#27;[37m/wd/hub/session/7abed428-c9f4-42ce-999c-3881ca65dec0/appium/device/press_keycode&amp#27;[39m
&amp#27;[35m[HTTP]&amp#27;[39m &amp#27;[90m{"keycode":67}&amp#27;[39m
[debug] &amp#27;[35m[W3C (7abed428)]&amp#27;[39m Calling AppiumDriver.pressKeyCode() with args: [67,null,null,null,null,"7abed428-c9f4-42ce-999c-3881ca65dec0"]
[debug] &amp#27;[35m[WD Proxy]&amp#27;[39m Matched '/appium/device/press_keycode' to command name 'pressKeyCode'
[debug] &amp#27;[35m[WD Proxy]&amp#27;[39m Proxying [POST /appium/device/press_keycode] to [POST http://127.0.0.1:8200/wd/hub/session/8bb3af16-b5e0-48e8-b2dc-d18ff55157a8/appium/device/press_keycode] with body: {"keycode":67,"metastate":null,"flags":null}
[debug] &amp#27;[35m[WD Proxy]&amp#27;[39m Got response with status 200: {"sessionId":"8bb3af16-b5e0-48e8-b2dc-d18ff55157a8","value":null}
[debug] &amp#27;[35m[W3C (7abed428)]&amp#27;[39m Responding to client with driver.pressKeyCode() result: null
&amp#27;[35m[HTTP]&amp#27;[39m &amp#27;[37m<-- POST /wd/hub/session/7abed428-c9f4-42ce-999c-3881ca65dec0/appium/device/press_keycode &amp#27;[39m&amp#27;[32m200&amp#27;[39m &amp#27;[90m153 ms - 14&amp#27;[39m
&amp#27;[35m[HTTP]&amp#27;[39m &amp#27;[90m&amp#27;[39m
&amp#27;[35m[HTTP]&amp#27;[39m &amp#27;[37m-->&amp#27;[39m &amp#27;[37mPOST&amp#27;[39m &amp#27;[37m/wd/hub/session/7abed428-c9f4-42ce-999c-3881ca65dec0/appium/device/press_keycode&amp#27;[39m
&amp#27;[35m[HTTP]&amp#27;[39m &amp#27;[90m{"keycode":22}&amp#27;[39m
[debug] &amp#27;[35m[W3C (7abed428)]&amp#27;[39m Calling AppiumDriver.pressKeyCode() with args: [22,null,null,null,null,"7abed428-c9f4-42ce-999c-3881ca65dec0"]
[debug] &amp#27;[35m[WD Proxy]&amp#27;[39m Matched '/appium/device/press_keycode' to command name 'pressKeyCode'
[debug] &amp#27;[35m[WD Proxy]&amp#27;[39m Proxying [POST /appium/device/press_keycode] to [POST http://127.0.0.1:8200/wd/hub/session/8bb3af16-b5e0-48e8-b2dc-d18ff55157a8/appium/device/press_keycode] with body: {"keycode":22,"metastate":null,"flags":null}
[debug] &amp#27;[35m[WD Proxy]&amp#27;[39m Got response with status 200: {"sessionId":"8bb3af16-b5e0-48e8-b2dc-d18ff55157a8","value":null}
[debug] &amp#27;[35m[W3C (7abed428)]&amp#27;[39m Responding to client with driver.pressKeyCode() result: null
&amp#27;[35m[HTTP]&amp#27;[39m &amp#27;[37m<-- POST /wd/hub/session/7abed428-c9f4-42ce-999c-3881ca65dec0/appium/device/press_keycode &amp#27;[39m&amp#27;[32m200&amp#27;[39m &amp#27;[90m86 ms - 14&amp#27;[39m
&amp#27;[35m[HTTP]&amp#27;[39m &amp#27;[90m&amp#27;[39m
&amp#27;[35m[HTTP]&amp#27;[39m &amp#27;[37m-->&amp#27;[39m &amp#27;[37mPOST&amp#27;[39m &amp#27;[37m/wd/hub/session/7abed428-c9f4-42ce-999c-3881ca65dec0/appium/device/press_keycode&amp#27;[39m
&amp#27;[35m[HTTP]&amp#27;[39m &amp#27;[90m{"keycode":67}&amp#27;[39m
[debug] &amp#27;[35m[W3C (7abed428)]&amp#27;[39m Calling AppiumDriver.pressKeyCode() with args: [67,null,null,null,null,"7abed428-c9f4-42ce-999c-3881ca65dec0"]
[debug] &amp#27;[35m[WD Proxy]&amp#27;[39m Matched '/appium/device/press_keycode' to command name 'pressKeyCode'
[debug] &amp#27;[35m[WD Proxy]&amp#27;[39m Proxying [POST /appium/device/press_keycode] to [POST http://127.0.0.1:8200/wd/hub/session/8bb3af16-b5e0-48e8-b2dc-d18ff55157a8/appium/device/press_keycode] with body: {"keycode":67,"metastate":null,"flags":null}
[debug] &amp#27;[35m[WD Proxy]&amp#27;[39m Got response with status 200: {"sessionId":"8bb3af16-b5e0-48e8-b2dc-d18ff55157a8","value":null}
[debug] &amp#27;[35m[W3C (7abed428)]&amp#27;[39m Responding to client with driver.pressKeyCode() result: null
&amp#27;[35m[HTTP]&amp#27;[39m &amp#27;[37m<-- POST /wd/hub/session/7abed428-c9f4-42ce-999c-3881ca65dec0/appium/device/press_keycode &amp#27;[39m&amp#27;[32m200&amp#27;[39m &amp#27;[90m600 ms - 14&amp#27;[39m
&amp#27;[35m[HTTP]&amp#27;[39m &amp#27;[90m&amp#27;[39m
&amp#27;[35m[HTTP]&amp#27;[39m &amp#27;[37m-->&amp#27;[39m &amp#27;[37mPOST&amp#27;[39m &amp#27;[37m/wd/hub/session/7abed428-c9f4-42ce-999c-3881ca65dec0/appium/device/press_keycode&amp#27;[39m
&amp#27;[35m[HTTP]&amp#27;[39m &amp#27;[90m{"keycode":22}&amp#27;[39m
[debug] &amp#27;[35m[W3C (7abed428)]&amp#27;[39m Calling AppiumDriver.pressKeyCode() with args: [22,null,null,null,null,"7abed428-c9f4-42ce-999c-3881ca65dec0"]
[debug] &amp#27;[35m[WD Proxy]&amp#27;[39m Matched '/appium/device/press_keycode' to command name 'pressKeyCode'
[debug] &amp#27;[35m[WD Proxy]&amp#27;[39m Proxying [POST /appium/device/press_keycode] to [POST http://127.0.0.1:8200/wd/hub/session/8bb3af16-b5e0-48e8-b2dc-d18ff55157a8/appium/device/press_keycode] with body: {"keycode":22,"metastate":null,"flags":null}
[debug] &amp#27;[35m[WD Proxy]&amp#27;[39m Got response with status 200: {"sessionId":"8bb3af16-b5e0-48e8-b2dc-d18ff55157a8","value":null}
[debug] &amp#27;[35m[W3C (7abed428)]&amp#27;[39m Responding to client with driver.pressKeyCode() result: null
&amp#27;[35m[HTTP]&amp#27;[39m &amp#27;[37m<-- POST /wd/hub/session/7abed428-c9f4-42ce-999c-3881ca65dec0/appium/device/press_keycode &amp#27;[39m&amp#27;[32m200&amp#27;[39m &amp#27;[90m613 ms - 14&amp#27;[39m
&amp#27;[35m[HTTP]&amp#27;[39m &amp#27;[90m&amp#27;[39m
&amp#27;[35m[HTTP]&amp#27;[39m &amp#27;[37m-->&amp#27;[39m &amp#27;[37mPOST&amp#27;[39m &amp#27;[37m/wd/hub/session/7abed428-c9f4-42ce-999c-3881ca65dec0/appium/device/press_keycode&amp#27;[39m
&amp#27;[35m[HTTP]&amp#27;[39m &amp#27;[90m{"keycode":67}&amp#27;[39m
[debug] &amp#27;[35m[W3C (7abed428)]&amp#27;[39m Calling AppiumDriver.pressKeyCode() with args: [67,null,null,null,null,"7abed428-c9f4-42ce-999c-3881ca65dec0"]
[debug] &amp#27;[35m[WD Proxy]&amp#27;[39m Matched '/appium/device/press_keycode' to command name 'pressKeyCode'
[debug] &amp#27;[35m[WD Proxy]&amp#27;[39m Proxying [POST /appium/device/press_keycode] to [POST http://127.0.0.1:8200/wd/hub/session/8bb3af16-b5e0-48e8-b2dc-d18ff55157a8/appium/device/press_keycode] with body: {"keycode":67,"metastate":null,"flags":null}
[debug] &amp#27;[35m[WD Proxy]&amp#27;[39m Got response with status 200: {"sessionId":"8bb3af16-b5e0-48e8-b2dc-d18ff55157a8","value":null}
[debug] &amp#27;[35m[W3C (7abed428)]&amp#27;[39m Responding to client with driver.pressKeyCode() result: null
&amp#27;[35m[HTTP]&amp#27;[39m &amp#27;[37m<-- POST /wd/hub/session/7abed428-c9f4-42ce-999c-3881ca65dec0/appium/device/press_keycode &amp#27;[39m&amp#27;[32m200&amp#27;[39m &amp#27;[90m61 ms - 14&amp#27;[39m
&amp#27;[35m[HTTP]&amp#27;[39m &amp#27;[90m&amp#27;[39m
&amp#27;[35m[HTTP]&amp#27;[39m &amp#27;[37m-->&amp#27;[39m &amp#27;[37mPOST&amp#27;[39m &amp#27;[37m/wd/hub/session/7abed428-c9f4-42ce-999c-3881ca65dec0/appium/device/press_keycode&amp#27;[39m
&amp#27;[35m[HTTP]&amp#27;[39m &amp#27;[90m{"keycode":22}&amp#27;[39m
[debug] &amp#27;[35m[W3C (7abed428)]&amp#27;[39m Calling AppiumDriver.pressKeyCode() with args: [22,null,null,null,null,"7abed428-c9f4-42ce-999c-3881ca65dec0"]
[debug] &amp#27;[35m[WD Proxy]&amp#27;[39m Matched '/appium/device/press_keycode' to command name 'pressKeyCode'
[debug] &amp#27;[35m[WD Proxy]&amp#27;[39m Proxying [POST /appium/device/press_keycode] to [POST http://127.0.0.1:8200/wd/hub/session/8bb3af16-b5e0-48e8-b2dc-d18ff55157a8/appium/device/press_keycode] with body: {"keycode":22,"metastate":null,"flags":null}
[debug] &amp#27;[35m[WD Proxy]&amp#27;[39m Got response with status 200: {"sessionId":"8bb3af16-b5e0-48e8-b2dc-d18ff55157a8","value":null}
[debug] &amp#27;[35m[W3C (7abed428)]&amp#27;[39m Responding to client with driver.pressKeyCode() result: null
&amp#27;[35m[HTTP]&amp#27;[39m &amp#27;[37m<-- POST /wd/hub/session/7abed428-c9f4-42ce-999c-3881ca65dec0/appium/device/press_keycode &amp#27;[39m&amp#27;[32m200&amp#27;[39m &amp#27;[90m119 ms - 14&amp#27;[39m
&amp#27;[35m[HTTP]&amp#27;[39m &amp#27;[90m&amp#27;[39m
&amp#27;[35m[HTTP]&amp#27;[39m &amp#27;[37m-->&amp#27;[39m &amp#27;[37mPOST&amp#27;[39m &amp#27;[37m/wd/hub/session/7abed428-c9f4-42ce-999c-3881ca65dec0/appium/device/press_keycode&amp#27;[39m
&amp#27;[35m[HTTP]&amp#27;[39m &amp#27;[90m{"keycode":67}&amp#27;[39m
[debug] &amp#27;[35m[W3C (7abed428)]&amp#27;[39m Calling AppiumDriver.pressKeyCode() with args: [67,null,null,null,null,"7abed428-c9f4-42ce-999c-3881ca65dec0"]
[debug] &amp#27;[35m[WD Proxy]&amp#27;[39m Matched '/appium/device/press_keycode' to command name 'pressKeyCode'
[debug] &amp#27;[35m[WD Proxy]&amp#27;[39m Proxying [POST /appium/device/press_keycode] to [POST http://127.0.0.1:8200/wd/hub/session/8bb3af16-b5e0-48e8-b2dc-d18ff55157a8/appium/device/press_keycode] with body: {"keycode":67,"metastate":null,"flags":null}
[debug] &amp#27;[35m[WD Proxy]&amp#27;[39m Got response with status 200: {"sessionId":"8bb3af16-b5e0-48e8-b2dc-d18ff55157a8","value":null}
[debug] &amp#27;[35m[W3C (7abed428)]&amp#27;[39m Responding to client with driver.pressKeyCode() result: null
&amp#27;[35m[HTTP]&amp#27;[39m &amp#27;[37m<-- POST /wd/hub/session/7abed428-c9f4-42ce-999c-3881ca65dec0/appium/device/press_keycode &amp#27;[39m&amp#27;[32m200&amp#27;[39m &amp#27;[90m89 ms - 14&amp#27;[39m
&amp#27;[35m[HTTP]&amp#27;[39m &amp#27;[90m&amp#27;[39m
&amp#27;[35m[HTTP]&amp#27;[39m &amp#27;[37m-->&amp#27;[39m &amp#27;[37mPOST&amp#27;[39m &amp#27;[37m/wd/hub/session/7abed428-c9f4-42ce-999c-3881ca65dec0/appium/device/press_keycode&amp#27;[39m
&amp#27;[35m[HTTP]&amp#27;[39m &amp#27;[90m{"keycode":22}&amp#27;[39m
[debug] &amp#27;[35m[W3C (7abed428)]&amp#27;[39m Calling AppiumDriver.pressKeyCode() with args: [22,null,null,null,null,"7abed428-c9f4-42ce-999c-3881ca65dec0"]
[debug] &amp#27;[35m[WD Proxy]&amp#27;[39m Matched '/appium/device/press_keycode' to command name 'pressKeyCode'
[debug] &amp#27;[35m[WD Proxy]&amp#27;[39m Proxying [POST /appium/device/press_keycode] to [POST http://127.0.0.1:8200/wd/hub/session/8bb3af16-b5e0-48e8-b2dc-d18ff55157a8/appium/device/press_keycode] with body: {"keycode":22,"metastate":null,"flags":null}
[debug] &amp#27;[35m[WD Proxy]&amp#27;[39m Got response with status 200: {"sessionId":"8bb3af16-b5e0-48e8-b2dc-d18ff55157a8","value":null}
[debug] &amp#27;[35m[W3C (7abed428)]&amp#27;[39m Responding to client with driver.pressKeyCode() result: null
&amp#27;[35m[HTTP]&amp#27;[39m &amp#27;[37m<-- POST /wd/hub/session/7abed428-c9f4-42ce-999c-3881ca65dec0/appium/device/press_keycode &amp#27;[39m&amp#27;[32m200&amp#27;[39m &amp#27;[90m83 ms - 14&amp#27;[39m
&amp#27;[35m[HTTP]&amp#27;[39m &amp#27;[90m&amp#27;[39m
&amp#27;[35m[HTTP]&amp#27;[39m &amp#27;[37m-->&amp#27;[39m &amp#27;[37mPOST&amp#27;[39m &amp#27;[37m/wd/hub/session/7abed428-c9f4-42ce-999c-3881ca65dec0/appium/device/press_keycode&amp#27;[39m
&amp#27;[35m[HTTP]&amp#27;[39m &amp#27;[90m{"keycode":67}&amp#27;[39m
[debug] &amp#27;[35m[W3C (7abed428)]&amp#27;[39m Calling AppiumDriver.pressKeyCode() with args: [67,null,null,null,null,"7abed428-c9f4-42ce-999c-3881ca65dec0"]
[debug] &amp#27;[35m[WD Proxy]&amp#27;[39m Matched '/appium/device/press_keycode' to command name 'pressKeyCode'
[debug] &amp#27;[35m[WD Proxy]&amp#27;[39m Proxying [POST /appium/device/press_keycode] to [POST http://127.0.0.1:8200/wd/hub/session/8bb3af16-b5e0-48e8-b2dc-d18ff55157a8/appium/device/press_keycode] with body: {"keycode":67,"metastate":null,"flags":null}
[debug] &amp#27;[35m[WD Proxy]&amp#27;[39m Got response with status 200: {"sessionId":"8bb3af16-b5e0-48e8-b2dc-d18ff55157a8","value":null}
[debug] &amp#27;[35m[W3C (7abed428)]&amp#27;[39m Responding to client with driver.pressKeyCode() result: null
&amp#27;[35m[HTTP]&amp#27;[39m &amp#27;[37m<-- POST /wd/hub/session/7abed428-c9f4-42ce-999c-3881ca65dec0/appium/device/press_keycode &amp#27;[39m&amp#27;[32m200&amp#27;[39m &amp#27;[90m81 ms - 14&amp#27;[39m
&amp#27;[35m[HTTP]&amp#27;[39m &amp#27;[90m&amp#27;[39m
&amp#27;[35m[HTTP]&amp#27;[39m &amp#27;[37m-->&amp#27;[39m &amp#27;[37mPOST&amp#27;[39m &amp#27;[37m/wd/hub/session/7abed428-c9f4-42ce-999c-3881ca65dec0/appium/device/press_keycode&amp#27;[39m
&amp#27;[35m[HTTP]&amp#27;[39m &amp#27;[90m{"keycode":22}&amp#27;[39m
[debug] &amp#27;[35m[W3C (7abed428)]&amp#27;[39m Calling AppiumDriver.pressKeyCode() with args: [22,null,null,null,null,"7abed428-c9f4-42ce-999c-3881ca65dec0"]
[debug] &amp#27;[35m[WD Proxy]&amp#27;[39m Matched '/appium/device/press_keycode' to command name 'pressKeyCode'
[debug] &amp#27;[35m[WD Proxy]&amp#27;[39m Proxying [POST /appium/device/press_keycode] to [POST http://127.0.0.1:8200/wd/hub/session/8bb3af16-b5e0-48e8-b2dc-d18ff55157a8/appium/device/press_keycode] with body: {"keycode":22,"metastate":null,"flags":null}
[debug] &amp#27;[35m[WD Proxy]&amp#27;[39m Got response with status 200: {"sessionId":"8bb3af16-b5e0-48e8-b2dc-d18ff55157a8","value":null}
[debug] &amp#27;[35m[W3C (7abed428)]&amp#27;[39m Responding to client with driver.pressKeyCode() result: null
&amp#27;[35m[HTTP]&amp#27;[39m &amp#27;[37m<-- POST /wd/hub/session/7abed428-c9f4-42ce-999c-3881ca65dec0/appium/device/press_keycode &amp#27;[39m&amp#27;[32m200&amp#27;[39m &amp#27;[90m151 ms - 14&amp#27;[39m
&amp#27;[35m[HTTP]&amp#27;[39m &amp#27;[90m&amp#27;[39m
&amp#27;[35m[HTTP]&amp#27;[39m &amp#27;[37m-->&amp#27;[39m &amp#27;[37mPOST&amp#27;[39m &amp#27;[37m/wd/hub/session/7abed428-c9f4-42ce-999c-3881ca65dec0/appium/device/press_keycode&amp#27;[39m
&amp#27;[35m[HTTP]&amp#27;[39m &amp#27;[90m{"keycode":67}&amp#27;[39m
[debug] &amp#27;[35m[W3C (7abed428)]&amp#27;[39m Calling AppiumDriver.pressKeyCode() with args: [67,null,null,null,null,"7abed428-c9f4-42ce-999c-3881ca65dec0"]
[debug] &amp#27;[35m[WD Proxy]&amp#27;[39m Matched '/appium/device/press_keycode' to command name 'pressKeyCode'
[debug] &amp#27;[35m[WD Proxy]&amp#27;[39m Proxying [POST /appium/device/press_keycode] to [POST http://127.0.0.1:8200/wd/hub/session/8bb3af16-b5e0-48e8-b2dc-d18ff55157a8/appium/device/press_keycode] with body: {"keycode":67,"metastate":null,"flags":null}
[debug] &amp#27;[35m[WD Proxy]&amp#27;[39m Got response with status 200: {"sessionId":"8bb3af16-b5e0-48e8-b2dc-d18ff55157a8","value":null}
[debug] &amp#27;[35m[W3C (7abed428)]&amp#27;[39m Responding to client with driver.pressKeyCode() result: null
&amp#27;[35m[HTTP]&amp#27;[39m &amp#27;[37m<-- POST /wd/hub/session/7abed428-c9f4-42ce-999c-3881ca65dec0/appium/device/press_keycode &amp#27;[39m&amp#27;[32m200&amp#27;[39m &amp#27;[90m600 ms - 14&amp#27;[39m
&amp#27;[35m[HTTP]&amp#27;[39m &amp#27;[90m&amp#27;[39m
&amp#27;[35m[HTTP]&amp#27;[39m &amp#27;[37m-->&amp#27;[39m &amp#27;[37mPOST&amp#27;[39m &amp#27;[37m/wd/hub/session/7abed428-c9f4-42ce-999c-3881ca65dec0/appium/device/press_keycode&amp#27;[39m
&amp#27;[35m[HTTP]&amp#27;[39m &amp#27;[90m{"keycode":66}&amp#27;[39m
[debug] &amp#27;[35m[W3C (7abed428)]&amp#27;[39m Calling AppiumDriver.pressKeyCode() with args: [66,null,null,null,null,"7abed428-c9f4-42ce-999c-3881ca65dec0"]
[debug] &amp#27;[35m[WD Proxy]&amp#27;[39m Matched '/appium/device/press_keycode' to command name 'pressKeyCode'
[debug] &amp#27;[35m[WD Proxy]&amp#27;[39m Proxying [POST /appium/device/press_keycode] to [POST http://127.0.0.1:8200/wd/hub/session/8bb3af16-b5e0-48e8-b2dc-d18ff55157a8/appium/device/press_keycode] with body: {"keycode":66,"metastate":null,"flags":null}
[debug] &amp#27;[35m[WD Proxy]&amp#27;[39m Got response with status 200: {"sessionId":"8bb3af16-b5e0-48e8-b2dc-d18ff55157a8","value":null}
[debug] &amp#27;[35m[W3C (7abed428)]&amp#27;[39m Responding to client with driver.pressKeyCode() result: null
&amp#27;[35m[HTTP]&amp#27;[39m &amp#27;[37m<-- POST /wd/hub/session/7abed428-c9f4-42ce-999c-3881ca65dec0/appium/device/press_keycode &amp#27;[39m&amp#27;[32m200&amp#27;[39m &amp#27;[90m60 ms - 14&amp#27;[39m
&amp#27;[35m[HTTP]&amp#27;[39m &amp#27;[90m&amp#27;[39m
&amp#27;[35m[HTTP]&amp#27;[39m &amp#27;[37m-->&amp#27;[39m &amp#27;[37mGET&amp#27;[39m &amp#27;[37m/wd/hub/session/7abed428-c9f4-42ce-999c-3881ca65dec0/context&amp#27;[39m
&amp#27;[35m[HTTP]&amp#27;[39m &amp#27;[90m{}&amp#27;[39m
[debug] &amp#27;[35m[W3C (7abed428)]&amp#27;[39m Calling AppiumDriver.getCurrentContext() with args: ["7abed428-c9f4-42ce-999c-3881ca65dec0"]
[debug] &amp#27;[35m[W3C (7abed428)]&amp#27;[39m Responding to client with driver.getCurrentContext() result: "NATIVE_APP"
&amp#27;[35m[HTTP]&amp#27;[39m &amp#27;[37m<-- GET /wd/hub/session/7abed428-c9f4-42ce-999c-3881ca65dec0/context &amp#27;[39m&amp#27;[32m200&amp#27;[39m &amp#27;[90m1 ms - 22&amp#27;[39m
&amp#27;[35m[HTTP]&amp#27;[39m &amp#27;[90m&amp#27;[39m
[...]
[debug] &amp#27;[35m[W3C (7abed428)]&amp#27;[39m Responding to client with driver.findElements() result: [{"element-6066-11e4-a52e-4f735466cecf":"ad9da706-f276-42e5-9945-078480cefb14","ELEMENT":"ad9da706-f276-42e5-9945-078480cefb14"}]
&amp#27;[35m[HTTP]&amp#27;[39m &amp#27;[37m<-- POST /wd/hub/session/7abed428-c9f4-42ce-999c-3881ca65dec0/elements &amp#27;[39m&amp#27;[32m200&amp#27;[39m &amp#27;[90m56 ms - 139&amp#27;[39m
&amp#27;[35m[HTTP]&amp#27;[39m &amp#27;[90m&amp#27;[39m
&amp#27;[35m[HTTP]&amp#27;[39m &amp#27;[37m-->&amp#27;[39m &amp#27;[37mPOST&amp#27;[39m &amp#27;[37m/wd/hub/session/7abed428-c9f4-42ce-999c-3881ca65dec0/elements&amp#27;[39m
&amp#27;[35m[HTTP]&amp#27;[39m &amp#27;[90m{"using":"xpath","value":"//*[@content-desc='print Reciept']"}&amp#27;[39m
[debug] &amp#27;[35m[W3C (7abed428)]&amp#27;[39m Calling AppiumDriver.findElements() with args: ["xpath","//*[@content-desc='print Reciept']","7abed428-c9f4-42ce-999c-3881ca65dec0"]
[debug] &amp#27;[35m[BaseDriver]&amp#27;[39m Valid locator strategies for this request: xpath, id, class name, accessibility id, -android uiautomator
[debug] &amp#27;[35m[BaseDriver]&amp#27;[39m Waiting up to 5000 ms for condition
[debug] &amp#27;[35m[WD Proxy]&amp#27;[39m Matched '/elements' to command name 'findElements'
[debug] &amp#27;[35m[WD Proxy]&amp#27;[39m Proxying [POST /elements] to [POST http://127.0.0.1:8200/wd/hub/session/8bb3af16-b5e0-48e8-b2dc-d18ff55157a8/elements] with body: {"strategy":"xpath","selector":"//*[@content-desc='print Reciept']","context":"","multiple":true}
[debug] &amp#27;[35m[WD Proxy]&amp#27;[39m Got response with status 200: {"sessionId":"8bb3af16-b5e0-48e8-b2dc-d18ff55157a8","value":[{"ELEMENT":"8d287b19-d75a-40c0-827a-31b06637045b","element-6066-11e4-a52e-4f735466cecf":"8d287b19-d75a-40c0-827a-31b06637045b"}]}
[debug] &amp#27;[35m[W3C (7abed428)]&amp#27;[39m Responding to client with driver.findElements() result: [{"element-6066-11e4-a52e-4f735466cecf":"8d287b19-d75a-40c0-827a-31b06637045b","ELEMENT":"8d287b19-d75a-40c0-827a-31b06637045b"}]
&amp#27;[35m[HTTP]&amp#27;[39m &amp#27;[37m<-- POST /wd/hub/session/7abed428-c9f4-42ce-999c-3881ca65dec0/elements &amp#27;[39m&amp#27;[32m200&amp#27;[39m &amp#27;[90m59 ms - 139&amp#27;[39m
&amp#27;[35m[HTTP]&amp#27;[39m &amp#27;[90m&amp#27;[39m
&amp#27;[35m[HTTP]&amp#27;[39m &amp#27;[37m-->&amp#27;[39m &amp#27;[37mPOST&amp#27;[39m &amp#27;[37m/wd/hub/session/7abed428-c9f4-42ce-999c-3881ca65dec0/elements&amp#27;[39m
&amp#27;[35m[HTTP]&amp#27;[39m &amp#27;[90m{"using":"xpath","value":"//*[@content-desc='Close Shift']"}&amp#27;[39m
[debug] &amp#27;[35m[W3C (7abed428)]&amp#27;[39m Calling AppiumDriver.findElements() with args: ["xpath","//*[@content-desc='Close Shift']","7abed428-c9f4-42ce-999c-3881ca65dec0"]
[debug] &amp#27;[35m[BaseDriver]&amp#27;[39m Valid locator strategies for this request: xpath, id, class name, accessibility id, -android uiautomator
[debug] &amp#27;[35m[BaseDriver]&amp#27;[39m Waiting up to 5000 ms for condition
[debug] &amp#27;[35m[WD Proxy]&amp#27;[39m Matched '/elements' to command name 'findElements'
[debug] &amp#27;[35m[WD Proxy]&amp#27;[39m Proxying [POST /elements] to [POST http://127.0.0.1:8200/wd/hub/session/8bb3af16-b5e0-48e8-b2dc-d18ff55157a8/elements] with body: {"strategy":"xpath","selector":"//*[@content-desc='Close Shift']","context":"","multiple":true}
[debug] &amp#27;[35m[WD Proxy]&amp#27;[39m Got response with status 200: {"sessionId":"8bb3af16-b5e0-48e8-b2dc-d18ff55157a8","value":[{"ELEMENT":"d66f3c36-7f7e-4ba3-9750-75393da0019f","element-6066-11e4-a52e-4f735466cecf":"d66f3c36-7f7e-4ba3-9750-75393da0019f"}]}
[debug] &amp#27;[35m[W3C (7abed428)]&amp#27;[39m Responding to client with driver.findElements() result: [{"element-6066-11e4-a52e-4f735466cecf":"d66f3c36-7f7e-4ba3-9750-75393da0019f","ELEMENT":"d66f3c36-7f7e-4ba3-9750-75393da0019f"}]
&amp#27;[35m[HTTP]&amp#27;[39m &amp#27;[37m<-- POST /wd/hub/session/7abed428-c9f4-42ce-999c-3881ca65dec0/elements &amp#27;[39m&amp#27;[32m200&amp#27;[39m &amp#27;[90m53 ms - 139&amp#27;[39m
&amp#27;[35m[HTTP]&amp#27;[39m &amp#27;[90m&amp#27;[39m
]]></system-out>
  </testcase>
  <testcase name="switchToConnectionScreen" classname="tests.FirstTest" time="1.454">
    <system-out><![CDATA[&amp#27;[35m[HTTP]&amp#27;[39m &amp#27;[37m-->&amp#27;[39m &amp#27;[37mGET&amp#27;[39m &amp#27;[37m/wd/hub/session/7abed428-c9f4-42ce-999c-3881ca65dec0/context&amp#27;[39m
&amp#27;[35m[HTTP]&amp#27;[39m &amp#27;[90m{}&amp#27;[39m
[debug] &amp#27;[35m[W3C (7abed428)]&amp#27;[39m Calling AppiumDriver.getCurrentContext() with args: ["7abed428-c9f4-42ce-999c-3881ca65dec0"]
[debug] &amp#27;[35m[W3C (7abed428)]&amp#27;[39m Responding to client with driver.getCurrentContext() result: "NATIVE_APP"
&amp#27;[35m[HTTP]&amp#27;[39m &amp#27;[37m<-- GET /wd/hub/session/7abed428-c9f4-42ce-999c-3881ca65dec0/context &amp#27;[39m&amp#27;[32m200&amp#27;[39m &amp#27;[90m1 ms - 22&amp#27;[39m
&amp#27;[35m[HTTP]&amp#27;[39m &amp#27;[90m&amp#27;[39m
&amp#27;[35m[HTTP]&amp#27;[39m &amp#27;[37m-->&amp#27;[39m &amp#27;[37mPOST&amp#27;[39m &amp#27;[37m/wd/hub/session/7abed428-c9f4-42ce-999c-3881ca65dec0/element&amp#27;[39m
&amp#27;[35m[HTTP]&amp#27;[39m &amp#27;[90m{"using":"xpath","value":"//*[@content-desc='Commands']"}&amp#27;[39m
[debug] &amp#27;[35m[W3C (7abed428)]&amp#27;[39m Calling AppiumDriver.findElement() with args: ["xpath","//*[@content-desc='Commands']","7abed428-c9f4-42ce-999c-3881ca65dec0"]
[debug] &amp#27;[35m[BaseDriver]&amp#27;[39m Valid locator strategies for this request: xpath, id, class name, accessibility id, -android uiautomator
[debug] &amp#27;[35m[BaseDriver]&amp#27;[39m Waiting up to 5000 ms for condition
[debug] &amp#27;[35m[WD Proxy]&amp#27;[39m Matched '/element' to command name 'findElement'
[debug] &amp#27;[35m[WD Proxy]&amp#27;[39m Proxying [POST /element] to [POST http://127.0.0.1:8200/wd/hub/session/8bb3af16-b5e0-48e8-b2dc-d18ff55157a8/element] with body: {"strategy":"xpath","selector":"//*[@content-desc='Commands']","context":"","multiple":false}
[debug] &amp#27;[35m[WD Proxy]&amp#27;[39m Got response with status 200: {"sessionId":"8bb3af16-b5e0-48e8-b2dc-d18ff55157a8","value":{"ELEMENT":"624183eb-46c0-4b3e-b20d-3b3dcd69a5e1","element-6066-11e4-a52e-4f735466cecf":"624183eb-46c0-4b3e-b20d-3b3dcd69a5e1"}}
[debug] &amp#27;[35m[W3C (7abed428)]&amp#27;[39m Responding to client with driver.findElement() result: {"element-6066-11e4-a52e-4f735466cecf":"624183eb-46c0-4b3e-b20d-3b3dcd69a5e1","ELEMENT":"624183eb-46c0-4b3e-b20d-3b3dcd69a5e1"}
&amp#27;[35m[HTTP]&amp#27;[39m &amp#27;[37m<-- POST /wd/hub/session/7abed428-c9f4-42ce-999c-3881ca65dec0/element &amp#27;[39m&amp#27;[32m200&amp#27;[39m &amp#27;[90m63 ms - 137&amp#27;[39m
&amp#27;[35m[HTTP]&amp#27;[39m &amp#27;[90m&amp#27;[39m
&amp#27;[35m[HTTP]&amp#27;[39m &amp#27;[37m-->&amp#27;[39m &amp#27;[37mPOST&amp#27;[39m &amp#27;[37m/wd/hub/session/7abed428-c9f4-42ce-999c-3881ca65dec0/touch/perform&amp#27;[39m
&amp#27;[35m[HTTP]&amp#27;[39m &amp#27;[90m{"actions":[{"action":"tap","options":{"count":1,"element":"624183eb-46c0-4b3e-b20d-3b3dcd69a5e1"}}]}&amp#27;[39m
[debug] &amp#27;[35m[W3C (7abed428)]&amp#27;[39m Calling AppiumDriver.performTouch() with args: [[{"action":"tap","options":{"count":1,"element":"624183eb-46c0-4b3e-b20d-3b3dcd69a5e1"}}],"7abed428-c9f4-42ce-999c-3881ca65dec0"]
&amp#27;[35m[UiAutomator2]&amp#27;[39m calling get location: 624183eb-46c0-4b3e-b20d-3b3dcd69a5e1
[debug] &amp#27;[35m[WD Proxy]&amp#27;[39m Matched '/element/624183eb-46c0-4b3e-b20d-3b3dcd69a5e1/location' to command name 'getLocation'
[debug] &amp#27;[35m[WD Proxy]&amp#27;[39m Proxying [GET /element/624183eb-46c0-4b3e-b20d-3b3dcd69a5e1/location] to [GET http://127.0.0.1:8200/wd/hub/session/8bb3af16-b5e0-48e8-b2dc-d18ff55157a8/element/624183eb-46c0-4b3e-b20d-3b3dcd69a5e1/location] with no body
[debug] &amp#27;[35m[WD Proxy]&amp#27;[39m Got response with status 200: {"sessionId":"8bb3af16-b5e0-48e8-b2dc-d18ff55157a8","value":{"x":40,"y":1621}}
[debug] &amp#27;[35m[WD Proxy]&amp#27;[39m Matched '/element/624183eb-46c0-4b3e-b20d-3b3dcd69a5e1/size' to command name 'getSize'
[debug] &amp#27;[35m[WD Proxy]&amp#27;[39m Proxying [GET /element/624183eb-46c0-4b3e-b20d-3b3dcd69a5e1/size] to [GET http://127.0.0.1:8200/wd/hub/session/8bb3af16-b5e0-48e8-b2dc-d18ff55157a8/element/624183eb-46c0-4b3e-b20d-3b3dcd69a5e1/size] with no body
[debug] &amp#27;[35m[WD Proxy]&amp#27;[39m Got response with status 200: {"sessionId":"8bb3af16-b5e0-48e8-b2dc-d18ff55157a8","value":{"height":75,"width":548}}
[debug] &amp#27;[35m[WD Proxy]&amp#27;[39m Proxying [POST /appium/tap] to [POST http://127.0.0.1:8200/wd/hub/session/8bb3af16-b5e0-48e8-b2dc-d18ff55157a8/appium/tap] with body: {"x":314,"y":1658.5,"undefined":null}
[debug] &amp#27;[35m[WD Proxy]&amp#27;[39m Got response with status 200: {"sessionId":"8bb3af16-b5e0-48e8-b2dc-d18ff55157a8","value":null}
[debug] &amp#27;[35m[W3C (7abed428)]&amp#27;[39m Responding to client with driver.performTouch() result: null
&amp#27;[35m[HTTP]&amp#27;[39m &amp#27;[37m<-- POST /wd/hub/session/7abed428-c9f4-42ce-999c-3881ca65dec0/touch/perform &amp#27;[39m&amp#27;[32m200&amp#27;[39m &amp#27;[90m185 ms - 14&amp#27;[39m
&amp#27;[35m[HTTP]&amp#27;[39m &amp#27;[90m&amp#27;[39m
&amp#27;[35m[HTTP]&amp#27;[39m &amp#27;[37m-->&amp#27;[39m &amp#27;[37mGET&amp#27;[39m &amp#27;[37m/wd/hub/session/7abed428-c9f4-42ce-999c-3881ca65dec0/context&amp#27;[39m
&amp#27;[35m[HTTP]&amp#27;[39m &amp#27;[90m{}&amp#27;[39m
[debug] &amp#27;[35m[W3C (7abed428)]&amp#27;[39m Calling AppiumDriver.getCurrentContext() with args: ["7abed428-c9f4-42ce-999c-3881ca65dec0"]
[debug] &amp#27;[35m[W3C (7abed428)]&amp#27;[39m Responding to client with driver.getCurrentContext() result: "NATIVE_APP"
&amp#27;[35m[HTTP]&amp#27;[39m &amp#27;[37m<-- GET /wd/hub/session/7abed428-c9f4-42ce-999c-3881ca65dec0/context &amp#27;[39m&amp#27;[32m200&amp#27;[39m &amp#27;[90m1 ms - 22&amp#27;[39m
&amp#27;[35m[HTTP]&amp#27;[39m &amp#27;[90m&amp#27;[39m
&amp#27;[35m[HTTP]&amp#27;[39m &amp#27;[37m-->&amp#27;[39m &amp#27;[37mPOST&amp#27;[39m &amp#27;[37m/wd/hub/session/7abed428-c9f4-42ce-999c-3881ca65dec0/element&amp#27;[39m
&amp#27;[35m[HTTP]&amp#27;[39m &amp#27;[90m{"using":"xpath","value":"//*[@content-desc='Connection']"}&amp#27;[39m
[debug] &amp#27;[35m[W3C (7abed428)]&amp#27;[39m Calling AppiumDriver.findElement() with args: ["xpath","//*[@content-desc='Connection']","7abed428-c9f4-42ce-999c-3881ca65dec0"]
[debug] &amp#27;[35m[BaseDriver]&amp#27;[39m Valid locator strategies for this request: xpath, id, class name, accessibility id, -android uiautomator
[debug] &amp#27;[35m[BaseDriver]&amp#27;[39m Waiting up to 5000 ms for condition
[debug] &amp#27;[35m[WD Proxy]&amp#27;[39m Matched '/element' to command name 'findElement'
[debug] &amp#27;[35m[WD Proxy]&amp#27;[39m Proxying [POST /element] to [POST http://127.0.0.1:8200/wd/hub/session/8bb3af16-b5e0-48e8-b2dc-d18ff55157a8/element] with body: {"strategy":"xpath","selector":"//*[@content-desc='Connection']","context":"","multiple":false}
[debug] &amp#27;[35m[WD Proxy]&amp#27;[39m Got response with status 200: {"sessionId":"8bb3af16-b5e0-48e8-b2dc-d18ff55157a8","value":{"ELEMENT":"54d6e91f-4c61-41c4-add1-bf055d966932","element-6066-11e4-a52e-4f735466cecf":"54d6e91f-4c61-41c4-add1-bf055d966932"}}
[debug] &amp#27;[35m[W3C (7abed428)]&amp#27;[39m Responding to client with driver.findElement() result: {"element-6066-11e4-a52e-4f735466cecf":"54d6e91f-4c61-41c4-add1-bf055d966932","ELEMENT":"54d6e91f-4c61-41c4-add1-bf055d966932"}
&amp#27;[35m[HTTP]&amp#27;[39m &amp#27;[37m<-- POST /wd/hub/session/7abed428-c9f4-42ce-999c-3881ca65dec0/element &amp#27;[39m&amp#27;[32m200&amp#27;[39m &amp#27;[90m76 ms - 137&amp#27;[39m
&amp#27;[35m[HTTP]&amp#27;[39m &amp#27;[90m&amp#27;[39m
&amp#27;[35m[HTTP]&amp#27;[39m &amp#27;[37m-->&amp#27;[39m &amp#27;[37mPOST&amp#27;[39m &amp#27;[37m/wd/hub/session/7abed428-c9f4-42ce-999c-3881ca65dec0/touch/perform&amp#27;[39m
&amp#27;[35m[HTTP]&amp#27;[39m &amp#27;[90m{"actions":[{"action":"tap","options":{"count":1,"element":"54d6e91f-4c61-41c4-add1-bf055d966932"}}]}&amp#27;[39m
[debug] &amp#27;[35m[W3C (7abed428)]&amp#27;[39m Calling AppiumDriver.performTouch() with args: [[{"action":"tap","options":{"count":1,"element":"54d6e91f-4c61-41c4-add1-bf055d966932"}}],"7abed428-c9f4-42ce-999c-3881ca65dec0"]
&amp#27;[35m[UiAutomator2]&amp#27;[39m calling get location: 54d6e91f-4c61-41c4-add1-bf055d966932
[debug] &amp#27;[35m[WD Proxy]&amp#27;[39m Matched '/element/54d6e91f-4c61-41c4-add1-bf055d966932/location' to command name 'getLocation'
[debug] &amp#27;[35m[WD Proxy]&amp#27;[39m Proxying [GET /element/54d6e91f-4c61-41c4-add1-bf055d966932/location] to [GET http://127.0.0.1:8200/wd/hub/session/8bb3af16-b5e0-48e8-b2dc-d18ff55157a8/element/54d6e91f-4c61-41c4-add1-bf055d966932/location] with no body
[debug] &amp#27;[35m[WD Proxy]&amp#27;[39m Got response with status 200: {"sessionId":"8bb3af16-b5e0-48e8-b2dc-d18ff55157a8","value":{"x":40,"y":1621}}
[debug] &amp#27;[35m[WD Proxy]&amp#27;[39m Matched '/element/54d6e91f-4c61-41c4-add1-bf055d966932/size' to command name 'getSize'
[debug] &amp#27;[35m[WD Proxy]&amp#27;[39m Proxying [GET /element/54d6e91f-4c61-41c4-add1-bf055d966932/size] to [GET http://127.0.0.1:8200/wd/hub/session/8bb3af16-b5e0-48e8-b2dc-d18ff55157a8/element/54d6e91f-4c61-41c4-add1-bf055d966932/size] with no body
[debug] &amp#27;[35m[WD Proxy]&amp#27;[39m Got response with status 200: {"sessionId":"8bb3af16-b5e0-48e8-b2dc-d18ff55157a8","value":{"height":75,"width":272}}
[debug] &amp#27;[35m[WD Proxy]&amp#27;[39m Proxying [POST /appium/tap] to [POST http://127.0.0.1:8200/wd/hub/session/8bb3af16-b5e0-48e8-b2dc-d18ff55157a8/appium/tap] with body: {"x":176,"y":1658.5,"undefined":null}
[debug] &amp#27;[35m[WD Proxy]&amp#27;[39m Got response with status 200: {"sessionId":"8bb3af16-b5e0-48e8-b2dc-d18ff55157a8","value":null}
[debug] &amp#27;[35m[W3C (7abed428)]&amp#27;[39m Responding to client with driver.performTouch() result: null
&amp#27;[35m[HTTP]&amp#27;[39m &amp#27;[37m<-- POST /wd/hub/session/7abed428-c9f4-42ce-999c-3881ca65dec0/touch/perform &amp#27;[39m&amp#27;[32m200&amp#27;[39m &amp#27;[90m160 ms - 14&amp#27;[39m
&amp#27;[35m[HTTP]&amp#27;[39m &amp#27;[90m&amp#27;[39m
&amp#27;[35m[HTTP]&amp#27;[39m &amp#27;[37m-->&amp#27;[39m &amp#27;[37mPOST&amp#27;[39m &amp#27;[37m/wd/hub/session/7abed428-c9f4-42ce-999c-3881ca65dec0/elements&amp#27;[39m
&amp#27;[35m[HTTP]&amp#27;[39m &amp#27;[90m{"using":"xpath","value":"//*[@content-desc='Connect!']"}&amp#27;[39m
[debug] &amp#27;[35m[W3C (7abed428)]&amp#27;[39m Calling AppiumDriver.findElements() with args: ["xpath","//*[@content-desc='Connect!']","7abed428-c9f4-42ce-999c-3881ca65dec0"]
[debug] &amp#27;[35m[BaseDriver]&amp#27;[39m Valid locator strategies for this request: xpath, id, class name, accessibility id, -android uiautomator
[debug] &amp#27;[35m[BaseDriver]&amp#27;[39m Waiting up to 5000 ms for condition
[debug] &amp#27;[35m[WD Proxy]&amp#27;[39m Matched '/elements' to command name 'findElements'
[debug] &amp#27;[35m[WD Proxy]&amp#27;[39m Proxying [POST /elements] to [POST http://127.0.0.1:8200/wd/hub/session/8bb3af16-b5e0-48e8-b2dc-d18ff55157a8/elements] with body: {"strategy":"xpath","selector":"//*[@content-desc='Connect!']","context":"","multiple":true}
[debug] &amp#27;[35m[WD Proxy]&amp#27;[39m Got response with status 200: {"sessionId":"8bb3af16-b5e0-48e8-b2dc-d18ff55157a8","value":[{"ELEMENT":"a84dae70-2cd3-45b7-bfb5-33d7e2cbfc32","element-6066-11e4-a52e-4f735466cecf":"a84dae70-2cd3-45b7-bfb5-33d7e2cbfc32"}]}
[debug] &amp#27;[35m[W3C (7abed428)]&amp#27;[39m Responding to client with driver.findElements() result: [{"element-6066-11e4-a52e-4f735466cecf":"a84dae70-2cd3-45b7-bfb5-33d7e2cbfc32","ELEMENT":"a84dae70-2cd3-45b7-bfb5-33d7e2cbfc32"}]
&amp#27;[35m[HTTP]&amp#27;[39m &amp#27;[37m<-- POST /wd/hub/session/7abed428-c9f4-42ce-999c-3881ca65dec0/elements &amp#27;[39m&amp#27;[32m200&amp#27;[39m &amp#27;[90m59 ms - 139&amp#27;[39m
&amp#27;[35m[HTTP]&amp#27;[39m &amp#27;[90m&amp#27;[39m
&amp#27;[35m[HTTP]&amp#27;[39m &amp#27;[37m-->&amp#27;[39m &amp#27;[37mPOST&amp#27;[39m &amp#27;[37m/wd/hub/session/7abed428-c9f4-42ce-999c-3881ca65dec0/elements&amp#27;[39m
&amp#27;[35m[HTTP]&amp#27;[39m &amp#27;[90m{"using":"xpath","value":"//*[@content-desc='Pirit IP adress:']"}&amp#27;[39m
[debug] &amp#27;[35m[W3C (7abed428)]&amp#27;[39m Calling AppiumDriver.findElements() with args: ["xpath","//*[@content-desc='Pirit IP adress:']","7abed428-c9f4-42ce-999c-3881ca65dec0"]
[debug] &amp#27;[35m[BaseDriver]&amp#27;[39m Valid locator strategies for this request: xpath, id, class name, accessibility id, -android uiautomator
[debug] &amp#27;[35m[BaseDriver]&amp#27;[39m Waiting up to 5000 ms for condition
[debug] &amp#27;[35m[WD Proxy]&amp#27;[39m Matched '/elements' to command name 'findElements'
[debug] &amp#27;[35m[WD Proxy]&amp#27;[39m Proxying [POST /elements] to [POST http://127.0.0.1:8200/wd/hub/session/8bb3af16-b5e0-48e8-b2dc-d18ff55157a8/elements] with body: {"strategy":"xpath","selector":"//*[@content-desc='Pirit IP adress:']","context":"","multiple":true}
[debug] &amp#27;[35m[WD Proxy]&amp#27;[39m Got response with status 200: {"sessionId":"8bb3af16-b5e0-48e8-b2dc-d18ff55157a8","value":[{"ELEMENT":"e73df82e-9447-43e1-a0e7-8ebb46e070aa","element-6066-11e4-a52e-4f735466cecf":"e73df82e-9447-43e1-a0e7-8ebb46e070aa"}]}
[debug] &amp#27;[35m[W3C (7abed428)]&amp#27;[39m Responding to client with driver.findElements() result: [{"element-6066-11e4-a52e-4f735466cecf":"e73df82e-9447-43e1-a0e7-8ebb46e070aa","ELEMENT":"e73df82e-9447-43e1-a0e7-8ebb46e070aa"}]
&amp#27;[35m[HTTP]&amp#27;[39m &amp#27;[37m<-- POST /wd/hub/session/7abed428-c9f4-42ce-999c-3881ca65dec0/elements &amp#27;[39m&amp#27;[32m200&amp#27;[39m &amp#27;[90m65 ms - 139&amp#27;[39m
&amp#27;[35m[HTTP]&amp#27;[39m &amp#27;[90m&amp#27;[39m
&amp#27;[35m[HTTP]&amp#27;[39m &amp#27;[37m-->&amp#27;[39m &amp#27;[37mPOST&amp#27;[39m &amp#27;[37m/wd/hub/session/7abed428-c9f4-42ce-999c-3881ca65dec0/elements&amp#27;[39m
&amp#27;[35m[HTTP]&amp#27;[39m &amp#27;[90m{"using":"xpath","value":"//*[@content-desc='Pirit Port:']"}&amp#27;[39m
[debug] &amp#27;[35m[W3C (7abed428)]&amp#27;[39m Calling AppiumDriver.findElements() with args: ["xpath","//*[@content-desc='Pirit Port:']","7abed428-c9f4-42ce-999c-3881ca65dec0"]
[debug] &amp#27;[35m[BaseDriver]&amp#27;[39m Valid locator strategies for this request: xpath, id, class name, accessibility id, -android uiautomator
[debug] &amp#27;[35m[BaseDriver]&amp#27;[39m Waiting up to 5000 ms for condition
[debug] &amp#27;[35m[WD Proxy]&amp#27;[39m Matched '/elements' to command name 'findElements'
[debug] &amp#27;[35m[WD Proxy]&amp#27;[39m Proxying [POST /elements] to [POST http://127.0.0.1:8200/wd/hub/session/8bb3af16-b5e0-48e8-b2dc-d18ff55157a8/elements] with body: {"strategy":"xpath","selector":"//*[@content-desc='Pirit Port:']","context":"","multiple":true}
[debug] &amp#27;[35m[WD Proxy]&amp#27;[39m Got response with status 200: {"sessionId":"8bb3af16-b5e0-48e8-b2dc-d18ff55157a8","value":[{"ELEMENT":"eeb3944b-c626-4e06-8e02-e97a1052a114","element-6066-11e4-a52e-4f735466cecf":"eeb3944b-c626-4e06-8e02-e97a1052a114"}]}
[debug] &amp#27;[35m[W3C (7abed428)]&amp#27;[39m Responding to client with driver.findElements() result: [{"element-6066-11e4-a52e-4f735466cecf":"eeb3944b-c626-4e06-8e02-e97a1052a114","ELEMENT":"eeb3944b-c626-4e06-8e02-e97a1052a114"}]
&amp#27;[35m[HTTP]&amp#27;[39m &amp#27;[37m<-- POST /wd/hub/session/7abed428-c9f4-42ce-999c-3881ca65dec0/elements &amp#27;[39m&amp#27;[32m200&amp#27;[39m &amp#27;[90m59 ms - 139&amp#27;[39m
&amp#27;[35m[HTTP]&amp#27;[39m &amp#27;[90m&amp#27;[39m
]]></system-out>
  </testcase>
</testsuite>